17:50:31  [main] 	Initializing Control Panel
17:50:31  [main] 	Windows Version:  Enterprise  64-bit
17:50:31  [main] 	XAMPP Version: 8.2.12
17:50:31  [main] 	Control Panel Version: 3.3.0  [ Compiled: Apr 6th 2021 ]
17:50:31  [main] 	Running with Administrator rights - good!
17:50:31  [main] 	XAMPP Installation Directory: "c:\xampp\"
17:50:31  [main] 	Checking for prerequisites
17:50:31  [main] 	All prerequisites found
17:50:31  [main] 	Initializing Modules
17:50:31  [main] 	Starting Check-Timer
17:50:31  [main] 	Control Panel Ready
17:50:33  [Apache] 	Attempting to start Apache app...
17:50:33  [Apache] 	Status change detected: running
17:50:33  [mysql] 	Attempting to start MySQL app...
17:50:33  [mysql] 	Status change detected: running
17:51:51  [Apache] 	Attempting to stop Apache (PID: 11616)
17:51:51  [Apache] 	Attempting to stop Apache (PID: 6532)
17:51:52  [Apache] 	Status change detected: stopped
17:51:52  [mysql] 	Attempting to stop MySQL app...
17:51:52  [mysql] 	Status change detected: stopped
17:51:53  [main] 	Deinitializing Modules
17:51:53  [main] 	Deinitializing Control Panel

15:59:54  [main] 	Initializing Control Panel
15:59:54  [main] 	Windows Version:  Enterprise  64-bit
15:59:54  [main] 	XAMPP Version: 8.2.12
15:59:54  [main] 	Control Panel Version: 3.3.0  [ Compiled: Apr 6th 2021 ]
15:59:54  [main] 	Running with Administrator rights - good!
15:59:54  [main] 	XAMPP Installation Directory: "c:\xampp\"
15:59:54  [main] 	Checking for prerequisites
15:59:56  [main] 	All prerequisites found
15:59:56  [main] 	Initializing Modules
15:59:56  [main] 	Starting Check-Timer
15:59:56  [main] 	Control Panel Ready
15:59:58  [Apache] 	Attempting to start Apache app...
15:59:59  [mysql] 	Attempting to start MySQL app...
15:59:59  [Apache] 	Status change detected: running
15:59:59  [mysql] 	Status change detected: running
17:31:44  [Apache] 	Attempting to stop Apache (PID: 6368)
17:31:44  [Apache] 	Attempting to stop Apache (PID: 9332)
17:31:44  [Apache] 	Status change detected: stopped
17:31:44  [mysql] 	Attempting to stop MySQL app...
17:31:45  [mysql] 	Status change detected: stopped
17:31:46  [main] 	Deinitializing Modules
17:31:46  [main] 	Deinitializing Control Panel

15:44:16  [main] 	Initializing Control Panel
15:44:16  [main] 	Windows Version:  Enterprise  64-bit
15:44:16  [main] 	XAMPP Version: 8.2.12
15:44:16  [main] 	Control Panel Version: 3.3.0  [ Compiled: Apr 6th 2021 ]
15:44:16  [main] 	Running with Administrator rights - good!
15:44:16  [main] 	XAMPP Installation Directory: "c:\xampp\"
15:44:16  [main] 	Checking for prerequisites
15:44:16  [main] 	All prerequisites found
15:44:16  [main] 	Initializing Modules
15:44:16  [main] 	Starting Check-Timer
15:44:16  [main] 	Control Panel Ready
15:44:18  [Apache] 	Attempting to start Apache app...
15:44:18  [Apache] 	Status change detected: running
15:44:19  [mysql] 	Attempting to start MySQL app...
15:44:19  [mysql] 	Status change detected: running
16:07:48  [Apache] 	Attempting to stop Apache (PID: 14864)
16:07:48  [Apache] 	Attempting to stop Apache (PID: 20340)
16:07:48  [Apache] 	Status change detected: stopped
16:07:49  [mysql] 	Attempting to stop MySQL app...
16:07:49  [mysql] 	Status change detected: stopped
16:07:49  [main] 	Deinitializing Modules
16:07:49  [main] 	Deinitializing Control Panel

