[Thu Sep 04 16:55:51.958601 2025] [ssl:warn] [pid 21068:tid 444] AH01909: www.example.com:443:0 server certificate does NOT include an ID which matches the server name
[Thu Sep 04 16:55:51.986516 2025] [ssl:warn] [pid 21068:tid 444] AH01909: www.example.com:443:0 server certificate does NOT include an ID which matches the server name
[Thu Sep 04 16:55:52.016716 2025] [mpm_winnt:notice] [pid 21068:tid 444] AH00455: Apache/2.4.58 (Win64) OpenSSL/3.1.3 PHP/8.2.12 configured -- resuming normal operations
[Thu Sep 04 16:55:52.016716 2025] [mpm_winnt:notice] [pid 21068:tid 444] AH00456: Apache Lounge VS17 Server built: Oct 18 2023 13:03:18
[Thu Sep 04 16:55:52.016716 2025] [core:notice] [pid 21068:tid 444] AH00094: Command line: 'C:\\xampp\\apache\\bin\\httpd.exe -d C:/xampp/apache'
[Thu Sep 04 16:55:52.021824 2025] [mpm_winnt:notice] [pid 21068:tid 444] AH00418: Parent: Created child process 9236
[Thu Sep 04 16:55:52.283164 2025] [ssl:warn] [pid 9236:tid 452] AH01909: www.example.com:443:0 server certificate does NOT include an ID which matches the server name
[Thu Sep 04 16:55:52.306854 2025] [ssl:warn] [pid 9236:tid 452] AH01909: www.example.com:443:0 server certificate does NOT include an ID which matches the server name
[Thu Sep 04 16:55:52.331760 2025] [mpm_winnt:notice] [pid 9236:tid 452] AH00354: Child: Starting 150 worker threads.
[Thu Sep 04 16:56:53.915488 2025] [ssl:warn] [pid 9020:tid 476] AH01909: www.example.com:443:0 server certificate does NOT include an ID which matches the server name
[Thu Sep 04 16:56:53.948737 2025] [ssl:warn] [pid 9020:tid 476] AH01909: www.example.com:443:0 server certificate does NOT include an ID which matches the server name
[Thu Sep 04 16:56:53.972231 2025] [mpm_winnt:notice] [pid 9020:tid 476] AH00455: Apache/2.4.58 (Win64) OpenSSL/3.1.3 PHP/8.2.12 configured -- resuming normal operations
[Thu Sep 04 16:56:53.972231 2025] [mpm_winnt:notice] [pid 9020:tid 476] AH00456: Apache Lounge VS17 Server built: Oct 18 2023 13:03:18
[Thu Sep 04 16:56:53.972231 2025] [core:notice] [pid 9020:tid 476] AH00094: Command line: 'c:\\xampp\\apache\\bin\\httpd.exe -d C:/xampp/apache'
[Thu Sep 04 16:56:53.975378 2025] [mpm_winnt:notice] [pid 9020:tid 476] AH00418: Parent: Created child process 7776
[Thu Sep 04 16:56:54.210070 2025] [ssl:warn] [pid 7776:tid 444] AH01909: www.example.com:443:0 server certificate does NOT include an ID which matches the server name
[Thu Sep 04 16:56:54.238726 2025] [ssl:warn] [pid 7776:tid 444] AH01909: www.example.com:443:0 server certificate does NOT include an ID which matches the server name
[Thu Sep 04 16:56:54.263948 2025] [mpm_winnt:notice] [pid 7776:tid 444] AH00354: Child: Starting 150 worker threads.
[Thu Sep 04 17:17:47.477743 2025] [php:error] [pid 7776:tid 1908] [client ::1:58880] script 'C:/xampp/htdocs/lancho-api/api/cliente/create.php' not found or unable to stat
[Thu Sep 04 17:18:37.147381 2025] [php:error] [pid 7776:tid 1900] [client ::1:58888] script 'C:/xampp/htdocs/lancho-api/api/cliente/create.php' not found or unable to stat
[Thu Sep 04 17:18:40.984761 2025] [php:error] [pid 7776:tid 1900] [client ::1:58888] script 'C:/xampp/htdocs/lancho-api/api/cliente/create.php' not found or unable to stat
[Thu Sep 04 17:19:57.150586 2025] [php:error] [pid 7776:tid 1908] [client ::1:58978] script 'C:/xampp/htdocs/lancho-api/api/cliente/create.php' not found or unable to stat
[Thu Sep 04 17:20:00.840045 2025] [php:error] [pid 7776:tid 1908] [client ::1:58978] script 'C:/xampp/htdocs/lancho-api/api/cliente/create.php' not found or unable to stat
[Thu Sep 04 17:20:29.209273 2025] [php:error] [pid 7776:tid 1900] [client ::1:58982] script 'C:/xampp/htdocs/lancho-api/api/cliente/create.php' not found or unable to stat
[Thu Sep 04 17:24:21.907467 2025] [php:error] [pid 7776:tid 1908] [client ::1:59024] script 'C:/xampp/htdocs/lancho-api/api/cliente/create.php' not found or unable to stat
[Thu Sep 04 17:26:20.244950 2025] [php:error] [pid 7776:tid 1908] [client 127.0.0.1:59033] script 'C:/xampp/htdocs/lancho-api/api/cliente/create.php' not found or unable to stat
[Thu Sep 04 17:34:54.189219 2025] [php:error] [pid 7776:tid 1908] [client ::1:59069] script 'C:/xampp/htdocs/lancho-api/teste.php' not found or unable to stat
[Thu Sep 04 17:46:22.798794 2025] [php:error] [pid 7776:tid 1900] [client ::1:59157] PHP Fatal error:  Uncaught Error: Call to a member function prepare() on null in C:\\xampp\\htdocs\\lancho-api\\models\\cliente.php:44\nStack trace:\n#0 C:\\xampp\\htdocs\\lancho-api\\api\\cliente\\create.php(21): Cliente->create()\n#1 {main}\n  thrown in C:\\xampp\\htdocs\\lancho-api\\models\\cliente.php on line 44
[Thu Sep 04 17:50:10.725798 2025] [mpm_winnt:crit] [pid 7776:tid 444] AH02538: Child: Parent process exited abruptly. Child process is ending
[Thu Sep 04 17:50:33.555622 2025] [ssl:warn] [pid 11616:tid 468] AH01909: www.example.com:443:0 server certificate does NOT include an ID which matches the server name
[Thu Sep 04 17:50:33.580994 2025] [core:warn] [pid 11616:tid 468] AH00098: pid file C:/xampp/apache/logs/httpd.pid overwritten -- Unclean shutdown of previous Apache run?
[Thu Sep 04 17:50:33.583087 2025] [ssl:warn] [pid 11616:tid 468] AH01909: www.example.com:443:0 server certificate does NOT include an ID which matches the server name
[Thu Sep 04 17:50:33.606598 2025] [mpm_winnt:notice] [pid 11616:tid 468] AH00455: Apache/2.4.58 (Win64) OpenSSL/3.1.3 PHP/8.2.12 configured -- resuming normal operations
[Thu Sep 04 17:50:33.606598 2025] [mpm_winnt:notice] [pid 11616:tid 468] AH00456: Apache Lounge VS17 Server built: Oct 18 2023 13:03:18
[Thu Sep 04 17:50:33.606598 2025] [core:notice] [pid 11616:tid 468] AH00094: Command line: 'c:\\xampp\\apache\\bin\\httpd.exe -d C:/xampp/apache'
[Thu Sep 04 17:50:33.611162 2025] [mpm_winnt:notice] [pid 11616:tid 468] AH00418: Parent: Created child process 6532
[Thu Sep 04 17:50:33.841169 2025] [ssl:warn] [pid 6532:tid 460] AH01909: www.example.com:443:0 server certificate does NOT include an ID which matches the server name
[Thu Sep 04 17:50:33.866318 2025] [ssl:warn] [pid 6532:tid 460] AH01909: www.example.com:443:0 server certificate does NOT include an ID which matches the server name
[Thu Sep 04 17:50:33.891081 2025] [mpm_winnt:notice] [pid 6532:tid 460] AH00354: Child: Starting 150 worker threads.
[Fri Sep 05 16:00:00.201792 2025] [ssl:warn] [pid 6368:tid 432] AH01909: www.example.com:443:0 server certificate does NOT include an ID which matches the server name
[Fri Sep 05 16:00:00.227327 2025] [core:warn] [pid 6368:tid 432] AH00098: pid file C:/xampp/apache/logs/httpd.pid overwritten -- Unclean shutdown of previous Apache run?
[Fri Sep 05 16:00:00.229558 2025] [ssl:warn] [pid 6368:tid 432] AH01909: www.example.com:443:0 server certificate does NOT include an ID which matches the server name
[Fri Sep 05 16:00:00.528369 2025] [mpm_winnt:notice] [pid 6368:tid 432] AH00455: Apache/2.4.58 (Win64) OpenSSL/3.1.3 PHP/8.2.12 configured -- resuming normal operations
[Fri Sep 05 16:00:00.528369 2025] [mpm_winnt:notice] [pid 6368:tid 432] AH00456: Apache Lounge VS17 Server built: Oct 18 2023 13:03:18
[Fri Sep 05 16:00:00.528369 2025] [core:notice] [pid 6368:tid 432] AH00094: Command line: 'c:\\xampp\\apache\\bin\\httpd.exe -d C:/xampp/apache'
[Fri Sep 05 16:00:00.531417 2025] [mpm_winnt:notice] [pid 6368:tid 432] AH00418: Parent: Created child process 9332
[Fri Sep 05 16:00:00.736244 2025] [ssl:warn] [pid 9332:tid 428] AH01909: www.example.com:443:0 server certificate does NOT include an ID which matches the server name
[Fri Sep 05 16:00:00.758988 2025] [ssl:warn] [pid 9332:tid 428] AH01909: www.example.com:443:0 server certificate does NOT include an ID which matches the server name
[Fri Sep 05 16:00:00.783138 2025] [mpm_winnt:notice] [pid 9332:tid 428] AH00354: Child: Starting 150 worker threads.
[Fri Sep 05 17:06:27.715946 2025] [php:error] [pid 9332:tid 1936] [client ::1:58708] script 'C:/xampp/htdocs/lancho-api/api/cliente/login.php' not found or unable to stat
[Fri Sep 05 17:07:59.256180 2025] [php:error] [pid 9332:tid 1908] [client ::1:58713] script 'C:/xampp/htdocs/lancho-api/api/cliente/login.php' not found or unable to stat
[Fri Sep 05 17:09:52.595562 2025] [php:error] [pid 9332:tid 1908] [client ::1:58740] PHP Fatal error:  Uncaught PDOException: SQLSTATE[23000]: Integrity constraint violation: 1452 Cannot add or update a child row: a foreign key constraint fails (`lancho_db`.`avaliacoes`, CONSTRAINT `avaliacoes_ibfk_1` FOREIGN KEY (`produto_id`) REFERENCES `produto` (`id`) ON DELETE CASCADE) in C:\\xampp\\htdocs\\lancho-api\\models\\avaliacao.php:34\nStack trace:\n#0 C:\\xampp\\htdocs\\lancho-api\\models\\avaliacao.php(34): PDOStatement->execute()\n#1 C:\\xampp\\htdocs\\lancho-api\\api\\avaliacoes\\create.php(21): Avaliacao->create()\n#2 {main}\n  thrown in C:\\xampp\\htdocs\\lancho-api\\models\\avaliacao.php on line 34
[Tue Sep 09 15:43:41.428531 2025] [ssl:warn] [pid 18292:tid 444] AH01909: www.example.com:443:0 server certificate does NOT include an ID which matches the server name
[Tue Sep 09 15:43:41.482113 2025] [core:warn] [pid 18292:tid 444] AH00098: pid file C:/xampp/apache/logs/httpd.pid overwritten -- Unclean shutdown of previous Apache run?
[Tue Sep 09 15:43:41.485123 2025] [ssl:warn] [pid 18292:tid 444] AH01909: www.example.com:443:0 server certificate does NOT include an ID which matches the server name
[Tue Sep 09 15:43:42.213694 2025] [mpm_winnt:notice] [pid 18292:tid 444] AH00455: Apache/2.4.58 (Win64) OpenSSL/3.1.3 PHP/8.2.12 configured -- resuming normal operations
[Tue Sep 09 15:43:42.213694 2025] [mpm_winnt:notice] [pid 18292:tid 444] AH00456: Apache Lounge VS17 Server built: Oct 18 2023 13:03:18
[Tue Sep 09 15:43:42.213694 2025] [core:notice] [pid 18292:tid 444] AH00094: Command line: 'c:\\xampp\\apache\\bin\\httpd.exe -d C:/xampp/apache'
[Tue Sep 09 15:43:42.221525 2025] [mpm_winnt:notice] [pid 18292:tid 444] AH00418: Parent: Created child process 16156
[Tue Sep 09 15:43:42.689516 2025] [ssl:warn] [pid 16156:tid 472] AH01909: www.example.com:443:0 server certificate does NOT include an ID which matches the server name
[Tue Sep 09 15:43:42.734994 2025] [ssl:warn] [pid 16156:tid 472] AH01909: www.example.com:443:0 server certificate does NOT include an ID which matches the server name
[Tue Sep 09 15:43:42.780774 2025] [mpm_winnt:notice] [pid 16156:tid 472] AH00354: Child: Starting 150 worker threads.
[Tue Sep 09 15:44:19.369295 2025] [ssl:warn] [pid 14864:tid 436] AH01909: www.example.com:443:0 server certificate does NOT include an ID which matches the server name
[Tue Sep 09 15:44:19.415561 2025] [core:warn] [pid 14864:tid 436] AH00098: pid file C:/xampp/apache/logs/httpd.pid overwritten -- Unclean shutdown of previous Apache run?
[Tue Sep 09 15:44:19.418623 2025] [ssl:warn] [pid 14864:tid 436] AH01909: www.example.com:443:0 server certificate does NOT include an ID which matches the server name
[Tue Sep 09 15:44:19.465163 2025] [mpm_winnt:notice] [pid 14864:tid 436] AH00455: Apache/2.4.58 (Win64) OpenSSL/3.1.3 PHP/8.2.12 configured -- resuming normal operations
[Tue Sep 09 15:44:19.465163 2025] [mpm_winnt:notice] [pid 14864:tid 436] AH00456: Apache Lounge VS17 Server built: Oct 18 2023 13:03:18
[Tue Sep 09 15:44:19.465163 2025] [core:notice] [pid 14864:tid 436] AH00094: Command line: 'c:\\xampp\\apache\\bin\\httpd.exe -d C:/xampp/apache'
[Tue Sep 09 15:44:19.471855 2025] [mpm_winnt:notice] [pid 14864:tid 436] AH00418: Parent: Created child process 20340
[Tue Sep 09 15:44:19.827665 2025] [ssl:warn] [pid 20340:tid 484] AH01909: www.example.com:443:0 server certificate does NOT include an ID which matches the server name
[Tue Sep 09 15:44:19.872193 2025] [ssl:warn] [pid 20340:tid 484] AH01909: www.example.com:443:0 server certificate does NOT include an ID which matches the server name
[Tue Sep 09 15:44:19.914993 2025] [mpm_winnt:notice] [pid 20340:tid 484] AH00354: Child: Starting 150 worker threads.
[Tue Sep 09 15:45:11.609552 2025] [php:warn] [pid 20340:tid 1924] [client ::1:51226] PHP Warning:  include_once(../../models/produto.php): Failed to open stream: No such file or directory in C:\\xampp\\htdocs\\lancho-api\\api\\produto\\read.php on line 5
[Tue Sep 09 15:45:11.609552 2025] [php:warn] [pid 20340:tid 1924] [client ::1:51226] PHP Warning:  include_once(): Failed opening '../../models/produto.php' for inclusion (include_path='C:\\xampp\\php\\PEAR') in C:\\xampp\\htdocs\\lancho-api\\api\\produto\\read.php on line 5
[Tue Sep 09 15:45:11.651687 2025] [php:error] [pid 20340:tid 1924] [client ::1:51226] PHP Fatal error:  Uncaught Error: Class "Produto" not found in C:\\xampp\\htdocs\\lancho-api\\api\\produto\\read.php:9\nStack trace:\n#0 {main}\n  thrown in C:\\xampp\\htdocs\\lancho-api\\api\\produto\\read.php on line 9
[Tue Oct 07 15:35:35.624038 2025] [ssl:warn] [pid 19072:tid 432] AH01909: www.example.com:443:0 server certificate does NOT include an ID which matches the server name
[Tue Oct 07 15:35:35.652696 2025] [core:warn] [pid 19072:tid 432] AH00098: pid file C:/xampp/apache/logs/httpd.pid overwritten -- Unclean shutdown of previous Apache run?
[Tue Oct 07 15:35:35.654698 2025] [ssl:warn] [pid 19072:tid 432] AH01909: www.example.com:443:0 server certificate does NOT include an ID which matches the server name
[Tue Oct 07 15:35:35.989161 2025] [mpm_winnt:notice] [pid 19072:tid 432] AH00455: Apache/2.4.58 (Win64) OpenSSL/3.1.3 PHP/8.2.12 configured -- resuming normal operations
[Tue Oct 07 15:35:35.989161 2025] [mpm_winnt:notice] [pid 19072:tid 432] AH00456: Apache Lounge VS17 Server built: Oct 18 2023 13:03:18
[Tue Oct 07 15:35:35.989161 2025] [core:notice] [pid 19072:tid 432] AH00094: Command line: 'c:\\xampp\\apache\\bin\\httpd.exe -d C:/xampp/apache'
[Tue Oct 07 15:35:35.992867 2025] [mpm_winnt:notice] [pid 19072:tid 432] AH00418: Parent: Created child process 15896
[Tue Oct 07 15:35:36.342400 2025] [ssl:warn] [pid 15896:tid 484] AH01909: www.example.com:443:0 server certificate does NOT include an ID which matches the server name
[Tue Oct 07 15:35:36.373578 2025] [ssl:warn] [pid 15896:tid 484] AH01909: www.example.com:443:0 server certificate does NOT include an ID which matches the server name
[Tue Oct 07 15:35:36.402953 2025] [mpm_winnt:notice] [pid 15896:tid 484] AH00354: Child: Starting 150 worker threads.
[Tue Oct 07 15:50:35.285411 2025] [php:warn] [pid 15896:tid 1912] [client ::1:56997] PHP Warning:  include_once(../../models/produto.php): Failed to open stream: No such file or directory in C:\\xampp\\htdocs\\lancho-api\\api\\produto\\create.php on line 10, referer: http://localhost/lancho-api/api/produto/
[Tue Oct 07 15:50:35.285411 2025] [php:warn] [pid 15896:tid 1912] [client ::1:56997] PHP Warning:  include_once(): Failed opening '../../models/produto.php' for inclusion (include_path='C:\\xampp\\php\\PEAR') in C:\\xampp\\htdocs\\lancho-api\\api\\produto\\create.php on line 10, referer: http://localhost/lancho-api/api/produto/
[Tue Oct 07 15:50:35.287921 2025] [php:error] [pid 15896:tid 1912] [client ::1:56997] PHP Fatal error:  Uncaught Error: Class "Produto" not found in C:\\xampp\\htdocs\\lancho-api\\api\\produto\\create.php:15\nStack trace:\n#0 {main}\n  thrown in C:\\xampp\\htdocs\\lancho-api\\api\\produto\\create.php on line 15, referer: http://localhost/lancho-api/api/produto/
[Tue Oct 07 15:54:07.032114 2025] [php:warn] [pid 15896:tid 1904] [client ::1:62786] PHP Warning:  include_once(../../models/produto.php): Failed to open stream: No such file or directory in C:\\xampp\\htdocs\\lancho-api\\api\\produto\\read.php on line 5, referer: http://localhost/lancho-api/interface/produtos.html
[Tue Oct 07 15:54:07.032114 2025] [php:warn] [pid 15896:tid 1904] [client ::1:62786] PHP Warning:  include_once(): Failed opening '../../models/produto.php' for inclusion (include_path='C:\\xampp\\php\\PEAR') in C:\\xampp\\htdocs\\lancho-api\\api\\produto\\read.php on line 5, referer: http://localhost/lancho-api/interface/produtos.html
[Tue Oct 07 15:54:07.033121 2025] [php:error] [pid 15896:tid 1904] [client ::1:62786] PHP Fatal error:  Uncaught Error: Class "Produto" not found in C:\\xampp\\htdocs\\lancho-api\\api\\produto\\read.php:9\nStack trace:\n#0 {main}\n  thrown in C:\\xampp\\htdocs\\lancho-api\\api\\produto\\read.php on line 9, referer: http://localhost/lancho-api/interface/produtos.html
[Tue Oct 07 15:54:29.347225 2025] [php:warn] [pid 15896:tid 1904] [client ::1:52515] PHP Warning:  include_once(../../models/produto.php): Failed to open stream: No such file or directory in C:\\xampp\\htdocs\\lancho-api\\api\\produto\\create.php on line 10, referer: http://localhost/lancho-api/interface/produtos.html
[Tue Oct 07 15:54:29.347225 2025] [php:warn] [pid 15896:tid 1904] [client ::1:52515] PHP Warning:  include_once(): Failed opening '../../models/produto.php' for inclusion (include_path='C:\\xampp\\php\\PEAR') in C:\\xampp\\htdocs\\lancho-api\\api\\produto\\create.php on line 10, referer: http://localhost/lancho-api/interface/produtos.html
[Tue Oct 07 15:54:29.348233 2025] [php:error] [pid 15896:tid 1904] [client ::1:52515] PHP Fatal error:  Uncaught Error: Class "Produto" not found in C:\\xampp\\htdocs\\lancho-api\\api\\produto\\create.php:15\nStack trace:\n#0 {main}\n  thrown in C:\\xampp\\htdocs\\lancho-api\\api\\produto\\create.php on line 15, referer: http://localhost/lancho-api/interface/produtos.html
[Tue Oct 07 15:54:32.261097 2025] [php:warn] [pid 15896:tid 1904] [client ::1:52515] PHP Warning:  include_once(../../models/produto.php): Failed to open stream: No such file or directory in C:\\xampp\\htdocs\\lancho-api\\api\\produto\\create.php on line 10, referer: http://localhost/lancho-api/interface/produtos.html
[Tue Oct 07 15:54:32.261097 2025] [php:warn] [pid 15896:tid 1904] [client ::1:52515] PHP Warning:  include_once(): Failed opening '../../models/produto.php' for inclusion (include_path='C:\\xampp\\php\\PEAR') in C:\\xampp\\htdocs\\lancho-api\\api\\produto\\create.php on line 10, referer: http://localhost/lancho-api/interface/produtos.html
[Tue Oct 07 15:54:32.262113 2025] [php:error] [pid 15896:tid 1904] [client ::1:52515] PHP Fatal error:  Uncaught Error: Class "Produto" not found in C:\\xampp\\htdocs\\lancho-api\\api\\produto\\create.php:15\nStack trace:\n#0 {main}\n  thrown in C:\\xampp\\htdocs\\lancho-api\\api\\produto\\create.php on line 15, referer: http://localhost/lancho-api/interface/produtos.html
[Tue Oct 07 15:54:32.851546 2025] [php:warn] [pid 15896:tid 1904] [client ::1:52515] PHP Warning:  include_once(../../models/produto.php): Failed to open stream: No such file or directory in C:\\xampp\\htdocs\\lancho-api\\api\\produto\\create.php on line 10, referer: http://localhost/lancho-api/interface/produtos.html
[Tue Oct 07 15:54:32.851546 2025] [php:warn] [pid 15896:tid 1904] [client ::1:52515] PHP Warning:  include_once(): Failed opening '../../models/produto.php' for inclusion (include_path='C:\\xampp\\php\\PEAR') in C:\\xampp\\htdocs\\lancho-api\\api\\produto\\create.php on line 10, referer: http://localhost/lancho-api/interface/produtos.html
[Tue Oct 07 15:54:32.851546 2025] [php:error] [pid 15896:tid 1904] [client ::1:52515] PHP Fatal error:  Uncaught Error: Class "Produto" not found in C:\\xampp\\htdocs\\lancho-api\\api\\produto\\create.php:15\nStack trace:\n#0 {main}\n  thrown in C:\\xampp\\htdocs\\lancho-api\\api\\produto\\create.php on line 15, referer: http://localhost/lancho-api/interface/produtos.html
[Tue Oct 07 15:54:42.710692 2025] [php:warn] [pid 15896:tid 1904] [client ::1:52515] PHP Warning:  include_once(../../models/produto.php): Failed to open stream: No such file or directory in C:\\xampp\\htdocs\\lancho-api\\api\\produto\\read.php on line 5, referer: http://localhost/lancho-api/interface/produtos.html
[Tue Oct 07 15:54:42.710692 2025] [php:warn] [pid 15896:tid 1904] [client ::1:52515] PHP Warning:  include_once(): Failed opening '../../models/produto.php' for inclusion (include_path='C:\\xampp\\php\\PEAR') in C:\\xampp\\htdocs\\lancho-api\\api\\produto\\read.php on line 5, referer: http://localhost/lancho-api/interface/produtos.html
[Tue Oct 07 15:54:42.710692 2025] [php:error] [pid 15896:tid 1904] [client ::1:52515] PHP Fatal error:  Uncaught Error: Class "Produto" not found in C:\\xampp\\htdocs\\lancho-api\\api\\produto\\read.php:9\nStack trace:\n#0 {main}\n  thrown in C:\\xampp\\htdocs\\lancho-api\\api\\produto\\read.php on line 9, referer: http://localhost/lancho-api/interface/produtos.html
[Tue Oct 07 16:01:13.346541 2025] [php:warn] [pid 15896:tid 1904] [client ::1:56844] PHP Warning:  include_once(../../models/produto.php): Failed to open stream: No such file or directory in C:\\xampp\\htdocs\\lancho-api\\api\\produto\\read.php on line 5, referer: http://localhost/lancho-api/interface/produtos.html
[Tue Oct 07 16:01:13.346541 2025] [php:warn] [pid 15896:tid 1904] [client ::1:56844] PHP Warning:  include_once(): Failed opening '../../models/produto.php' for inclusion (include_path='C:\\xampp\\php\\PEAR') in C:\\xampp\\htdocs\\lancho-api\\api\\produto\\read.php on line 5, referer: http://localhost/lancho-api/interface/produtos.html
[Tue Oct 07 16:01:13.347577 2025] [php:error] [pid 15896:tid 1904] [client ::1:56844] PHP Fatal error:  Uncaught Error: Class "Produto" not found in C:\\xampp\\htdocs\\lancho-api\\api\\produto\\read.php:9\nStack trace:\n#0 {main}\n  thrown in C:\\xampp\\htdocs\\lancho-api\\api\\produto\\read.php on line 9, referer: http://localhost/lancho-api/interface/produtos.html
[Tue Oct 07 16:01:15.799586 2025] [php:warn] [pid 15896:tid 1904] [client ::1:56844] PHP Warning:  include_once(../../models/cliente.php): Failed to open stream: No such file or directory in C:\\xampp\\htdocs\\lancho-api\\api\\cliente\\read.php on line 5, referer: http://localhost/lancho-api/interface/clientes.html
[Tue Oct 07 16:01:15.799586 2025] [php:warn] [pid 15896:tid 1904] [client ::1:56844] PHP Warning:  include_once(): Failed opening '../../models/cliente.php' for inclusion (include_path='C:\\xampp\\php\\PEAR') in C:\\xampp\\htdocs\\lancho-api\\api\\cliente\\read.php on line 5, referer: http://localhost/lancho-api/interface/clientes.html
[Tue Oct 07 16:01:15.800830 2025] [php:error] [pid 15896:tid 1904] [client ::1:56844] PHP Fatal error:  Uncaught Error: Class "Cliente" not found in C:\\xampp\\htdocs\\lancho-api\\api\\cliente\\read.php:9\nStack trace:\n#0 {main}\n  thrown in C:\\xampp\\htdocs\\lancho-api\\api\\cliente\\read.php on line 9, referer: http://localhost/lancho-api/interface/clientes.html
[Tue Oct 07 16:01:17.157717 2025] [php:warn] [pid 15896:tid 1904] [client ::1:56844] PHP Warning:  include_once(../../models/pedido.php): Failed to open stream: No such file or directory in C:\\xampp\\htdocs\\lancho-api\\api\\pedido\\read.php on line 5, referer: http://localhost/lancho-api/interface/pedidos.html
[Tue Oct 07 16:01:17.157717 2025] [php:warn] [pid 15896:tid 1904] [client ::1:56844] PHP Warning:  include_once(): Failed opening '../../models/pedido.php' for inclusion (include_path='C:\\xampp\\php\\PEAR') in C:\\xampp\\htdocs\\lancho-api\\api\\pedido\\read.php on line 5, referer: http://localhost/lancho-api/interface/pedidos.html
[Tue Oct 07 16:01:17.158718 2025] [php:error] [pid 15896:tid 1904] [client ::1:56844] PHP Fatal error:  Uncaught Error: Class "Pedido" not found in C:\\xampp\\htdocs\\lancho-api\\api\\pedido\\read.php:9\nStack trace:\n#0 {main}\n  thrown in C:\\xampp\\htdocs\\lancho-api\\api\\pedido\\read.php on line 9, referer: http://localhost/lancho-api/interface/pedidos.html
[Tue Oct 07 16:01:18.759604 2025] [php:warn] [pid 15896:tid 1904] [client ::1:56844] PHP Warning:  include_once(../../models/ingrediente.php): Failed to open stream: No such file or directory in C:\\xampp\\htdocs\\lancho-api\\api\\ingredientes\\read.php on line 5, referer: http://localhost/lancho-api/interface/ingredientes.html
[Tue Oct 07 16:01:18.760110 2025] [php:warn] [pid 15896:tid 1904] [client ::1:56844] PHP Warning:  include_once(): Failed opening '../../models/ingrediente.php' for inclusion (include_path='C:\\xampp\\php\\PEAR') in C:\\xampp\\htdocs\\lancho-api\\api\\ingredientes\\read.php on line 5, referer: http://localhost/lancho-api/interface/ingredientes.html
[Tue Oct 07 16:01:18.761112 2025] [php:error] [pid 15896:tid 1904] [client ::1:56844] PHP Fatal error:  Uncaught Error: Class "Ingrediente" not found in C:\\xampp\\htdocs\\lancho-api\\api\\ingredientes\\read.php:9\nStack trace:\n#0 {main}\n  thrown in C:\\xampp\\htdocs\\lancho-api\\api\\ingredientes\\read.php on line 9, referer: http://localhost/lancho-api/interface/ingredientes.html
[Tue Oct 07 16:01:20.171792 2025] [php:warn] [pid 15896:tid 1904] [client ::1:56844] PHP Warning:  include_once(../../models/estoque.php): Failed to open stream: No such file or directory in C:\\xampp\\htdocs\\lancho-api\\api\\estoque\\read.php on line 5, referer: http://localhost/lancho-api/interface/estoque.html
[Tue Oct 07 16:01:20.171792 2025] [php:warn] [pid 15896:tid 1904] [client ::1:56844] PHP Warning:  include_once(): Failed opening '../../models/estoque.php' for inclusion (include_path='C:\\xampp\\php\\PEAR') in C:\\xampp\\htdocs\\lancho-api\\api\\estoque\\read.php on line 5, referer: http://localhost/lancho-api/interface/estoque.html
[Tue Oct 07 16:01:20.173956 2025] [php:error] [pid 15896:tid 1904] [client ::1:56844] PHP Fatal error:  Uncaught Error: Class "Estoque" not found in C:\\xampp\\htdocs\\lancho-api\\api\\estoque\\read.php:9\nStack trace:\n#0 {main}\n  thrown in C:\\xampp\\htdocs\\lancho-api\\api\\estoque\\read.php on line 9, referer: http://localhost/lancho-api/interface/estoque.html
[Tue Oct 07 16:01:22.966145 2025] [php:warn] [pid 15896:tid 1904] [client ::1:56844] PHP Warning:  include_once(../../models/produto.php): Failed to open stream: No such file or directory in C:\\xampp\\htdocs\\lancho-api\\api\\produto\\read.php on line 5, referer: http://localhost/lancho-api/interface/produtos.html
[Tue Oct 07 16:01:22.967297 2025] [php:warn] [pid 15896:tid 1904] [client ::1:56844] PHP Warning:  include_once(): Failed opening '../../models/produto.php' for inclusion (include_path='C:\\xampp\\php\\PEAR') in C:\\xampp\\htdocs\\lancho-api\\api\\produto\\read.php on line 5, referer: http://localhost/lancho-api/interface/produtos.html
[Tue Oct 07 16:01:22.968313 2025] [php:error] [pid 15896:tid 1904] [client ::1:56844] PHP Fatal error:  Uncaught Error: Class "Produto" not found in C:\\xampp\\htdocs\\lancho-api\\api\\produto\\read.php:9\nStack trace:\n#0 {main}\n  thrown in C:\\xampp\\htdocs\\lancho-api\\api\\produto\\read.php on line 9, referer: http://localhost/lancho-api/interface/produtos.html
[Tue Oct 07 16:02:03.401773 2025] [php:warn] [pid 15896:tid 1904] [client ::1:58465] PHP Warning:  include_once(../../models/produto.php): Failed to open stream: No such file or directory in C:\\xampp\\htdocs\\lancho-api\\api\\produto\\create.php on line 10, referer: http://localhost/lancho-api/interface/produtos.html
[Tue Oct 07 16:02:03.401773 2025] [php:warn] [pid 15896:tid 1904] [client ::1:58465] PHP Warning:  include_once(): Failed opening '../../models/produto.php' for inclusion (include_path='C:\\xampp\\php\\PEAR') in C:\\xampp\\htdocs\\lancho-api\\api\\produto\\create.php on line 10, referer: http://localhost/lancho-api/interface/produtos.html
[Tue Oct 07 16:02:03.404241 2025] [php:error] [pid 15896:tid 1904] [client ::1:58465] PHP Fatal error:  Uncaught Error: Class "Produto" not found in C:\\xampp\\htdocs\\lancho-api\\api\\produto\\create.php:15\nStack trace:\n#0 {main}\n  thrown in C:\\xampp\\htdocs\\lancho-api\\api\\produto\\create.php on line 15, referer: http://localhost/lancho-api/interface/produtos.html
[Tue Oct 07 16:02:05.336507 2025] [php:warn] [pid 15896:tid 1904] [client ::1:58465] PHP Warning:  include_once(../../models/produto.php): Failed to open stream: No such file or directory in C:\\xampp\\htdocs\\lancho-api\\api\\produto\\create.php on line 10, referer: http://localhost/lancho-api/interface/produtos.html
[Tue Oct 07 16:02:05.336507 2025] [php:warn] [pid 15896:tid 1904] [client ::1:58465] PHP Warning:  include_once(): Failed opening '../../models/produto.php' for inclusion (include_path='C:\\xampp\\php\\PEAR') in C:\\xampp\\htdocs\\lancho-api\\api\\produto\\create.php on line 10, referer: http://localhost/lancho-api/interface/produtos.html
[Tue Oct 07 16:02:05.337511 2025] [php:error] [pid 15896:tid 1904] [client ::1:58465] PHP Fatal error:  Uncaught Error: Class "Produto" not found in C:\\xampp\\htdocs\\lancho-api\\api\\produto\\create.php:15\nStack trace:\n#0 {main}\n  thrown in C:\\xampp\\htdocs\\lancho-api\\api\\produto\\create.php on line 15, referer: http://localhost/lancho-api/interface/produtos.html
[Tue Oct 07 16:02:05.707367 2025] [php:warn] [pid 15896:tid 1904] [client ::1:58465] PHP Warning:  include_once(../../models/produto.php): Failed to open stream: No such file or directory in C:\\xampp\\htdocs\\lancho-api\\api\\produto\\create.php on line 10, referer: http://localhost/lancho-api/interface/produtos.html
[Tue Oct 07 16:02:05.707367 2025] [php:warn] [pid 15896:tid 1904] [client ::1:58465] PHP Warning:  include_once(): Failed opening '../../models/produto.php' for inclusion (include_path='C:\\xampp\\php\\PEAR') in C:\\xampp\\htdocs\\lancho-api\\api\\produto\\create.php on line 10, referer: http://localhost/lancho-api/interface/produtos.html
[Tue Oct 07 16:02:05.708387 2025] [php:error] [pid 15896:tid 1904] [client ::1:58465] PHP Fatal error:  Uncaught Error: Class "Produto" not found in C:\\xampp\\htdocs\\lancho-api\\api\\produto\\create.php:15\nStack trace:\n#0 {main}\n  thrown in C:\\xampp\\htdocs\\lancho-api\\api\\produto\\create.php on line 15, referer: http://localhost/lancho-api/interface/produtos.html
[Tue Oct 07 16:02:05.867966 2025] [php:warn] [pid 15896:tid 1904] [client ::1:58465] PHP Warning:  include_once(../../models/produto.php): Failed to open stream: No such file or directory in C:\\xampp\\htdocs\\lancho-api\\api\\produto\\create.php on line 10, referer: http://localhost/lancho-api/interface/produtos.html
[Tue Oct 07 16:02:05.867966 2025] [php:warn] [pid 15896:tid 1904] [client ::1:58465] PHP Warning:  include_once(): Failed opening '../../models/produto.php' for inclusion (include_path='C:\\xampp\\php\\PEAR') in C:\\xampp\\htdocs\\lancho-api\\api\\produto\\create.php on line 10, referer: http://localhost/lancho-api/interface/produtos.html
[Tue Oct 07 16:02:05.867966 2025] [php:error] [pid 15896:tid 1904] [client ::1:58465] PHP Fatal error:  Uncaught Error: Class "Produto" not found in C:\\xampp\\htdocs\\lancho-api\\api\\produto\\create.php:15\nStack trace:\n#0 {main}\n  thrown in C:\\xampp\\htdocs\\lancho-api\\api\\produto\\create.php on line 15, referer: http://localhost/lancho-api/interface/produtos.html
[Tue Oct 07 16:02:06.010589 2025] [php:warn] [pid 15896:tid 1904] [client ::1:58465] PHP Warning:  include_once(../../models/produto.php): Failed to open stream: No such file or directory in C:\\xampp\\htdocs\\lancho-api\\api\\produto\\create.php on line 10, referer: http://localhost/lancho-api/interface/produtos.html
[Tue Oct 07 16:02:06.010589 2025] [php:warn] [pid 15896:tid 1904] [client ::1:58465] PHP Warning:  include_once(): Failed opening '../../models/produto.php' for inclusion (include_path='C:\\xampp\\php\\PEAR') in C:\\xampp\\htdocs\\lancho-api\\api\\produto\\create.php on line 10, referer: http://localhost/lancho-api/interface/produtos.html
[Tue Oct 07 16:02:06.012600 2025] [php:error] [pid 15896:tid 1904] [client ::1:58465] PHP Fatal error:  Uncaught Error: Class "Produto" not found in C:\\xampp\\htdocs\\lancho-api\\api\\produto\\create.php:15\nStack trace:\n#0 {main}\n  thrown in C:\\xampp\\htdocs\\lancho-api\\api\\produto\\create.php on line 15, referer: http://localhost/lancho-api/interface/produtos.html
[Tue Oct 07 16:02:06.282979 2025] [php:warn] [pid 15896:tid 1904] [client ::1:58465] PHP Warning:  include_once(../../models/produto.php): Failed to open stream: No such file or directory in C:\\xampp\\htdocs\\lancho-api\\api\\produto\\create.php on line 10, referer: http://localhost/lancho-api/interface/produtos.html
[Tue Oct 07 16:02:06.282979 2025] [php:warn] [pid 15896:tid 1904] [client ::1:58465] PHP Warning:  include_once(): Failed opening '../../models/produto.php' for inclusion (include_path='C:\\xampp\\php\\PEAR') in C:\\xampp\\htdocs\\lancho-api\\api\\produto\\create.php on line 10, referer: http://localhost/lancho-api/interface/produtos.html
[Tue Oct 07 16:02:06.284438 2025] [php:error] [pid 15896:tid 1904] [client ::1:58465] PHP Fatal error:  Uncaught Error: Class "Produto" not found in C:\\xampp\\htdocs\\lancho-api\\api\\produto\\create.php:15\nStack trace:\n#0 {main}\n  thrown in C:\\xampp\\htdocs\\lancho-api\\api\\produto\\create.php on line 15, referer: http://localhost/lancho-api/interface/produtos.html
[Tue Oct 07 16:02:06.554403 2025] [php:warn] [pid 15896:tid 1904] [client ::1:58465] PHP Warning:  include_once(../../models/produto.php): Failed to open stream: No such file or directory in C:\\xampp\\htdocs\\lancho-api\\api\\produto\\create.php on line 10, referer: http://localhost/lancho-api/interface/produtos.html
[Tue Oct 07 16:02:06.554403 2025] [php:warn] [pid 15896:tid 1904] [client ::1:58465] PHP Warning:  include_once(): Failed opening '../../models/produto.php' for inclusion (include_path='C:\\xampp\\php\\PEAR') in C:\\xampp\\htdocs\\lancho-api\\api\\produto\\create.php on line 10, referer: http://localhost/lancho-api/interface/produtos.html
[Tue Oct 07 16:02:06.555413 2025] [php:error] [pid 15896:tid 1904] [client ::1:58465] PHP Fatal error:  Uncaught Error: Class "Produto" not found in C:\\xampp\\htdocs\\lancho-api\\api\\produto\\create.php:15\nStack trace:\n#0 {main}\n  thrown in C:\\xampp\\htdocs\\lancho-api\\api\\produto\\create.php on line 15, referer: http://localhost/lancho-api/interface/produtos.html
[Tue Oct 07 16:02:06.686324 2025] [php:warn] [pid 15896:tid 1904] [client ::1:58465] PHP Warning:  include_once(../../models/produto.php): Failed to open stream: No such file or directory in C:\\xampp\\htdocs\\lancho-api\\api\\produto\\create.php on line 10, referer: http://localhost/lancho-api/interface/produtos.html
[Tue Oct 07 16:02:06.686324 2025] [php:warn] [pid 15896:tid 1904] [client ::1:58465] PHP Warning:  include_once(): Failed opening '../../models/produto.php' for inclusion (include_path='C:\\xampp\\php\\PEAR') in C:\\xampp\\htdocs\\lancho-api\\api\\produto\\create.php on line 10, referer: http://localhost/lancho-api/interface/produtos.html
[Tue Oct 07 16:02:06.687327 2025] [php:error] [pid 15896:tid 1904] [client ::1:58465] PHP Fatal error:  Uncaught Error: Class "Produto" not found in C:\\xampp\\htdocs\\lancho-api\\api\\produto\\create.php:15\nStack trace:\n#0 {main}\n  thrown in C:\\xampp\\htdocs\\lancho-api\\api\\produto\\create.php on line 15, referer: http://localhost/lancho-api/interface/produtos.html
[Tue Oct 07 16:02:06.827933 2025] [php:warn] [pid 15896:tid 1904] [client ::1:58465] PHP Warning:  include_once(../../models/produto.php): Failed to open stream: No such file or directory in C:\\xampp\\htdocs\\lancho-api\\api\\produto\\create.php on line 10, referer: http://localhost/lancho-api/interface/produtos.html
[Tue Oct 07 16:02:06.827933 2025] [php:warn] [pid 15896:tid 1904] [client ::1:58465] PHP Warning:  include_once(): Failed opening '../../models/produto.php' for inclusion (include_path='C:\\xampp\\php\\PEAR') in C:\\xampp\\htdocs\\lancho-api\\api\\produto\\create.php on line 10, referer: http://localhost/lancho-api/interface/produtos.html
[Tue Oct 07 16:02:06.829439 2025] [php:error] [pid 15896:tid 1904] [client ::1:58465] PHP Fatal error:  Uncaught Error: Class "Produto" not found in C:\\xampp\\htdocs\\lancho-api\\api\\produto\\create.php:15\nStack trace:\n#0 {main}\n  thrown in C:\\xampp\\htdocs\\lancho-api\\api\\produto\\create.php on line 15, referer: http://localhost/lancho-api/interface/produtos.html
[Tue Oct 07 16:02:06.979668 2025] [php:warn] [pid 15896:tid 1904] [client ::1:58465] PHP Warning:  include_once(../../models/produto.php): Failed to open stream: No such file or directory in C:\\xampp\\htdocs\\lancho-api\\api\\produto\\create.php on line 10, referer: http://localhost/lancho-api/interface/produtos.html
[Tue Oct 07 16:02:06.979668 2025] [php:warn] [pid 15896:tid 1904] [client ::1:58465] PHP Warning:  include_once(): Failed opening '../../models/produto.php' for inclusion (include_path='C:\\xampp\\php\\PEAR') in C:\\xampp\\htdocs\\lancho-api\\api\\produto\\create.php on line 10, referer: http://localhost/lancho-api/interface/produtos.html
[Tue Oct 07 16:02:06.980850 2025] [php:error] [pid 15896:tid 1904] [client ::1:58465] PHP Fatal error:  Uncaught Error: Class "Produto" not found in C:\\xampp\\htdocs\\lancho-api\\api\\produto\\create.php:15\nStack trace:\n#0 {main}\n  thrown in C:\\xampp\\htdocs\\lancho-api\\api\\produto\\create.php on line 15, referer: http://localhost/lancho-api/interface/produtos.html
[Tue Oct 07 16:02:07.112890 2025] [php:warn] [pid 15896:tid 1904] [client ::1:58465] PHP Warning:  include_once(../../models/produto.php): Failed to open stream: No such file or directory in C:\\xampp\\htdocs\\lancho-api\\api\\produto\\create.php on line 10, referer: http://localhost/lancho-api/interface/produtos.html
[Tue Oct 07 16:02:07.112890 2025] [php:warn] [pid 15896:tid 1904] [client ::1:58465] PHP Warning:  include_once(): Failed opening '../../models/produto.php' for inclusion (include_path='C:\\xampp\\php\\PEAR') in C:\\xampp\\htdocs\\lancho-api\\api\\produto\\create.php on line 10, referer: http://localhost/lancho-api/interface/produtos.html
[Tue Oct 07 16:02:07.113899 2025] [php:error] [pid 15896:tid 1904] [client ::1:58465] PHP Fatal error:  Uncaught Error: Class "Produto" not found in C:\\xampp\\htdocs\\lancho-api\\api\\produto\\create.php:15\nStack trace:\n#0 {main}\n  thrown in C:\\xampp\\htdocs\\lancho-api\\api\\produto\\create.php on line 15, referer: http://localhost/lancho-api/interface/produtos.html
[Tue Oct 07 16:02:07.265282 2025] [php:warn] [pid 15896:tid 1904] [client ::1:58465] PHP Warning:  include_once(../../models/produto.php): Failed to open stream: No such file or directory in C:\\xampp\\htdocs\\lancho-api\\api\\produto\\create.php on line 10, referer: http://localhost/lancho-api/interface/produtos.html
[Tue Oct 07 16:02:07.266287 2025] [php:warn] [pid 15896:tid 1904] [client ::1:58465] PHP Warning:  include_once(): Failed opening '../../models/produto.php' for inclusion (include_path='C:\\xampp\\php\\PEAR') in C:\\xampp\\htdocs\\lancho-api\\api\\produto\\create.php on line 10, referer: http://localhost/lancho-api/interface/produtos.html
[Tue Oct 07 16:02:07.267295 2025] [php:error] [pid 15896:tid 1904] [client ::1:58465] PHP Fatal error:  Uncaught Error: Class "Produto" not found in C:\\xampp\\htdocs\\lancho-api\\api\\produto\\create.php:15\nStack trace:\n#0 {main}\n  thrown in C:\\xampp\\htdocs\\lancho-api\\api\\produto\\create.php on line 15, referer: http://localhost/lancho-api/interface/produtos.html
[Tue Oct 07 16:02:10.031884 2025] [php:warn] [pid 15896:tid 1904] [client ::1:58465] PHP Warning:  include_once(../../models/ingrediente.php): Failed to open stream: No such file or directory in C:\\xampp\\htdocs\\lancho-api\\api\\ingredientes\\read.php on line 5, referer: http://localhost/lancho-api/interface/ingredientes.html
[Tue Oct 07 16:02:10.031884 2025] [php:warn] [pid 15896:tid 1904] [client ::1:58465] PHP Warning:  include_once(): Failed opening '../../models/ingrediente.php' for inclusion (include_path='C:\\xampp\\php\\PEAR') in C:\\xampp\\htdocs\\lancho-api\\api\\ingredientes\\read.php on line 5, referer: http://localhost/lancho-api/interface/ingredientes.html
[Tue Oct 07 16:02:10.031884 2025] [php:error] [pid 15896:tid 1904] [client ::1:58465] PHP Fatal error:  Uncaught Error: Class "Ingrediente" not found in C:\\xampp\\htdocs\\lancho-api\\api\\ingredientes\\read.php:9\nStack trace:\n#0 {main}\n  thrown in C:\\xampp\\htdocs\\lancho-api\\api\\ingredientes\\read.php on line 9, referer: http://localhost/lancho-api/interface/ingredientes.html
[Tue Oct 07 16:02:12.229609 2025] [php:warn] [pid 15896:tid 1904] [client ::1:58465] PHP Warning:  include_once(../../models/ingrediente.php): Failed to open stream: No such file or directory in C:\\xampp\\htdocs\\lancho-api\\api\\ingredientes\\create.php on line 7, referer: http://localhost/lancho-api/interface/ingredientes.html
[Tue Oct 07 16:02:12.229609 2025] [php:warn] [pid 15896:tid 1904] [client ::1:58465] PHP Warning:  include_once(): Failed opening '../../models/ingrediente.php' for inclusion (include_path='C:\\xampp\\php\\PEAR') in C:\\xampp\\htdocs\\lancho-api\\api\\ingredientes\\create.php on line 7, referer: http://localhost/lancho-api/interface/ingredientes.html
[Tue Oct 07 16:02:12.230622 2025] [php:error] [pid 15896:tid 1904] [client ::1:58465] PHP Fatal error:  Uncaught Error: Class "Ingrediente" not found in C:\\xampp\\htdocs\\lancho-api\\api\\ingredientes\\create.php:11\nStack trace:\n#0 {main}\n  thrown in C:\\xampp\\htdocs\\lancho-api\\api\\ingredientes\\create.php on line 11, referer: http://localhost/lancho-api/interface/ingredientes.html
[Tue Oct 07 16:02:13.152714 2025] [php:warn] [pid 15896:tid 1904] [client ::1:58465] PHP Warning:  include_once(../../models/ingrediente.php): Failed to open stream: No such file or directory in C:\\xampp\\htdocs\\lancho-api\\api\\ingredientes\\create.php on line 7, referer: http://localhost/lancho-api/interface/ingredientes.html
[Tue Oct 07 16:02:13.152714 2025] [php:warn] [pid 15896:tid 1904] [client ::1:58465] PHP Warning:  include_once(): Failed opening '../../models/ingrediente.php' for inclusion (include_path='C:\\xampp\\php\\PEAR') in C:\\xampp\\htdocs\\lancho-api\\api\\ingredientes\\create.php on line 7, referer: http://localhost/lancho-api/interface/ingredientes.html
[Tue Oct 07 16:02:13.153718 2025] [php:error] [pid 15896:tid 1904] [client ::1:58465] PHP Fatal error:  Uncaught Error: Class "Ingrediente" not found in C:\\xampp\\htdocs\\lancho-api\\api\\ingredientes\\create.php:11\nStack trace:\n#0 {main}\n  thrown in C:\\xampp\\htdocs\\lancho-api\\api\\ingredientes\\create.php on line 11, referer: http://localhost/lancho-api/interface/ingredientes.html
[Tue Oct 07 16:02:13.680179 2025] [php:warn] [pid 15896:tid 1904] [client ::1:58465] PHP Warning:  include_once(../../models/ingrediente.php): Failed to open stream: No such file or directory in C:\\xampp\\htdocs\\lancho-api\\api\\ingredientes\\create.php on line 7, referer: http://localhost/lancho-api/interface/ingredientes.html
[Tue Oct 07 16:02:13.680179 2025] [php:warn] [pid 15896:tid 1904] [client ::1:58465] PHP Warning:  include_once(): Failed opening '../../models/ingrediente.php' for inclusion (include_path='C:\\xampp\\php\\PEAR') in C:\\xampp\\htdocs\\lancho-api\\api\\ingredientes\\create.php on line 7, referer: http://localhost/lancho-api/interface/ingredientes.html
[Tue Oct 07 16:02:13.680179 2025] [php:error] [pid 15896:tid 1904] [client ::1:58465] PHP Fatal error:  Uncaught Error: Class "Ingrediente" not found in C:\\xampp\\htdocs\\lancho-api\\api\\ingredientes\\create.php:11\nStack trace:\n#0 {main}\n  thrown in C:\\xampp\\htdocs\\lancho-api\\api\\ingredientes\\create.php on line 11, referer: http://localhost/lancho-api/interface/ingredientes.html
[Tue Oct 07 16:02:15.073949 2025] [php:warn] [pid 15896:tid 1904] [client ::1:58465] PHP Warning:  include_once(../../models/estoque.php): Failed to open stream: No such file or directory in C:\\xampp\\htdocs\\lancho-api\\api\\estoque\\read.php on line 5, referer: http://localhost/lancho-api/interface/estoque.html
[Tue Oct 07 16:02:15.073949 2025] [php:warn] [pid 15896:tid 1904] [client ::1:58465] PHP Warning:  include_once(): Failed opening '../../models/estoque.php' for inclusion (include_path='C:\\xampp\\php\\PEAR') in C:\\xampp\\htdocs\\lancho-api\\api\\estoque\\read.php on line 5, referer: http://localhost/lancho-api/interface/estoque.html
[Tue Oct 07 16:02:15.074956 2025] [php:error] [pid 15896:tid 1904] [client ::1:58465] PHP Fatal error:  Uncaught Error: Class "Estoque" not found in C:\\xampp\\htdocs\\lancho-api\\api\\estoque\\read.php:9\nStack trace:\n#0 {main}\n  thrown in C:\\xampp\\htdocs\\lancho-api\\api\\estoque\\read.php on line 9, referer: http://localhost/lancho-api/interface/estoque.html
[Tue Oct 07 16:04:24.053542 2025] [php:warn] [pid 15896:tid 1872] [client ::1:55673] PHP Warning:  include_once(../../models/produto.php): Failed to open stream: No such file or directory in C:\\xampp\\htdocs\\lancho-api\\api\\produto\\read.php on line 5, referer: http://localhost/lancho-api/interface/produtos.html
[Tue Oct 07 16:04:24.053542 2025] [php:warn] [pid 15896:tid 1872] [client ::1:55673] PHP Warning:  include_once(): Failed opening '../../models/produto.php' for inclusion (include_path='C:\\xampp\\php\\PEAR') in C:\\xampp\\htdocs\\lancho-api\\api\\produto\\read.php on line 5, referer: http://localhost/lancho-api/interface/produtos.html
[Tue Oct 07 16:04:24.054544 2025] [php:error] [pid 15896:tid 1872] [client ::1:55673] PHP Fatal error:  Uncaught Error: Class "Produto" not found in C:\\xampp\\htdocs\\lancho-api\\api\\produto\\read.php:9\nStack trace:\n#0 {main}\n  thrown in C:\\xampp\\htdocs\\lancho-api\\api\\produto\\read.php on line 9, referer: http://localhost/lancho-api/interface/produtos.html
[Tue Oct 07 16:11:31.210967 2025] [php:warn] [pid 15896:tid 1872] [client ::1:58118] PHP Warning:  include_once(../../models/produto.php): Failed to open stream: No such file or directory in C:\\xampp\\htdocs\\lancho-api\\api\\produto\\read.php on line 5, referer: http://localhost/lancho-api/interface/produto.html
[Tue Oct 07 16:11:31.210967 2025] [php:warn] [pid 15896:tid 1872] [client ::1:58118] PHP Warning:  include_once(): Failed opening '../../models/produto.php' for inclusion (include_path='C:\\xampp\\php\\PEAR') in C:\\xampp\\htdocs\\lancho-api\\api\\produto\\read.php on line 5, referer: http://localhost/lancho-api/interface/produto.html
[Tue Oct 07 16:11:31.212110 2025] [php:error] [pid 15896:tid 1872] [client ::1:58118] PHP Fatal error:  Uncaught Error: Class "Produto" not found in C:\\xampp\\htdocs\\lancho-api\\api\\produto\\read.php:9\nStack trace:\n#0 {main}\n  thrown in C:\\xampp\\htdocs\\lancho-api\\api\\produto\\read.php on line 9, referer: http://localhost/lancho-api/interface/produto.html
[Tue Oct 07 16:11:39.585504 2025] [php:warn] [pid 15896:tid 1872] [client ::1:64607] PHP Warning:  include_once(../../models/produto.php): Failed to open stream: No such file or directory in C:\\xampp\\htdocs\\lancho-api\\api\\produto\\create.php on line 10, referer: http://localhost/lancho-api/interface/produto.html
[Tue Oct 07 16:11:39.585504 2025] [php:warn] [pid 15896:tid 1872] [client ::1:64607] PHP Warning:  include_once(): Failed opening '../../models/produto.php' for inclusion (include_path='C:\\xampp\\php\\PEAR') in C:\\xampp\\htdocs\\lancho-api\\api\\produto\\create.php on line 10, referer: http://localhost/lancho-api/interface/produto.html
[Tue Oct 07 16:11:39.586511 2025] [php:error] [pid 15896:tid 1872] [client ::1:64607] PHP Fatal error:  Uncaught Error: Class "Produto" not found in C:\\xampp\\htdocs\\lancho-api\\api\\produto\\create.php:15\nStack trace:\n#0 {main}\n  thrown in C:\\xampp\\htdocs\\lancho-api\\api\\produto\\create.php on line 15, referer: http://localhost/lancho-api/interface/produto.html
[Tue Oct 07 16:11:40.813068 2025] [php:warn] [pid 15896:tid 1872] [client ::1:64607] PHP Warning:  include_once(../../models/produto.php): Failed to open stream: No such file or directory in C:\\xampp\\htdocs\\lancho-api\\api\\produto\\create.php on line 10, referer: http://localhost/lancho-api/interface/produto.html
[Tue Oct 07 16:11:40.813068 2025] [php:warn] [pid 15896:tid 1872] [client ::1:64607] PHP Warning:  include_once(): Failed opening '../../models/produto.php' for inclusion (include_path='C:\\xampp\\php\\PEAR') in C:\\xampp\\htdocs\\lancho-api\\api\\produto\\create.php on line 10, referer: http://localhost/lancho-api/interface/produto.html
[Tue Oct 07 16:11:40.814083 2025] [php:error] [pid 15896:tid 1872] [client ::1:64607] PHP Fatal error:  Uncaught Error: Class "Produto" not found in C:\\xampp\\htdocs\\lancho-api\\api\\produto\\create.php:15\nStack trace:\n#0 {main}\n  thrown in C:\\xampp\\htdocs\\lancho-api\\api\\produto\\create.php on line 15, referer: http://localhost/lancho-api/interface/produto.html
[Tue Oct 07 16:11:41.921137 2025] [php:warn] [pid 15896:tid 1872] [client ::1:64607] PHP Warning:  include_once(../../models/produto.php): Failed to open stream: No such file or directory in C:\\xampp\\htdocs\\lancho-api\\api\\produto\\create.php on line 10, referer: http://localhost/lancho-api/interface/produto.html
[Tue Oct 07 16:11:41.921137 2025] [php:warn] [pid 15896:tid 1872] [client ::1:64607] PHP Warning:  include_once(): Failed opening '../../models/produto.php' for inclusion (include_path='C:\\xampp\\php\\PEAR') in C:\\xampp\\htdocs\\lancho-api\\api\\produto\\create.php on line 10, referer: http://localhost/lancho-api/interface/produto.html
[Tue Oct 07 16:11:41.923139 2025] [php:error] [pid 15896:tid 1872] [client ::1:64607] PHP Fatal error:  Uncaught Error: Class "Produto" not found in C:\\xampp\\htdocs\\lancho-api\\api\\produto\\create.php:15\nStack trace:\n#0 {main}\n  thrown in C:\\xampp\\htdocs\\lancho-api\\api\\produto\\create.php on line 15, referer: http://localhost/lancho-api/interface/produto.html
[Tue Oct 07 16:13:17.723702 2025] [php:warn] [pid 15896:tid 1872] [client ::1:65378] PHP Warning:  include_once(../../models/produto.php): Failed to open stream: No such file or directory in C:\\xampp\\htdocs\\lancho-api\\api\\produto\\read.php on line 5, referer: http://localhost/lancho-api/interface/produto.html
[Tue Oct 07 16:13:17.723702 2025] [php:warn] [pid 15896:tid 1872] [client ::1:65378] PHP Warning:  include_once(): Failed opening '../../models/produto.php' for inclusion (include_path='C:\\xampp\\php\\PEAR') in C:\\xampp\\htdocs\\lancho-api\\api\\produto\\read.php on line 5, referer: http://localhost/lancho-api/interface/produto.html
[Tue Oct 07 16:13:17.724991 2025] [php:error] [pid 15896:tid 1872] [client ::1:65378] PHP Fatal error:  Uncaught Error: Class "Produto" not found in C:\\xampp\\htdocs\\lancho-api\\api\\produto\\read.php:9\nStack trace:\n#0 {main}\n  thrown in C:\\xampp\\htdocs\\lancho-api\\api\\produto\\read.php on line 9, referer: http://localhost/lancho-api/interface/produto.html
[Tue Oct 07 16:31:12.693717 2025] [php:error] [pid 15896:tid 1872] [client ::1:51706] PHP Fatal error:  Uncaught PDOException: SQLSTATE[42S02]: Base table or view not found: 1146 Table 'lancho_db.ingredientes' doesn't exist in C:\\xampp\\htdocs\\lancho-api\\models\\ingrediente.php:16\nStack trace:\n#0 C:\\xampp\\htdocs\\lancho-api\\models\\ingrediente.php(16): PDOStatement->execute()\n#1 C:\\xampp\\htdocs\\lancho-api\\api\\ingredientes\\read.php(10): Ingrediente->read()\n#2 {main}\n  thrown in C:\\xampp\\htdocs\\lancho-api\\models\\ingrediente.php on line 16, referer: http://localhost/lancho-api/interface/ingredientes.html
[Tue Oct 07 16:32:14.192840 2025] [ssl:warn] [pid 14804:tid 448] AH01909: www.example.com:443:0 server certificate does NOT include an ID which matches the server name
[Tue Oct 07 16:32:14.215665 2025] [core:warn] [pid 14804:tid 448] AH00098: pid file C:/xampp/apache/logs/httpd.pid overwritten -- Unclean shutdown of previous Apache run?
[Tue Oct 07 16:32:14.218169 2025] [ssl:warn] [pid 14804:tid 448] AH01909: www.example.com:443:0 server certificate does NOT include an ID which matches the server name
[Tue Oct 07 16:32:14.536708 2025] [mpm_winnt:notice] [pid 14804:tid 448] AH00455: Apache/2.4.58 (Win64) OpenSSL/3.1.3 PHP/8.2.12 configured -- resuming normal operations
[Tue Oct 07 16:32:14.536708 2025] [mpm_winnt:notice] [pid 14804:tid 448] AH00456: Apache Lounge VS17 Server built: Oct 18 2023 13:03:18
[Tue Oct 07 16:32:14.536708 2025] [core:notice] [pid 14804:tid 448] AH00094: Command line: 'c:\\xampp\\apache\\bin\\httpd.exe -d C:/xampp/apache'
[Tue Oct 07 16:32:14.540218 2025] [mpm_winnt:notice] [pid 14804:tid 448] AH00418: Parent: Created child process 10748
[Tue Oct 07 16:32:14.752527 2025] [ssl:warn] [pid 10748:tid 428] AH01909: www.example.com:443:0 server certificate does NOT include an ID which matches the server name
[Tue Oct 07 16:32:14.778081 2025] [ssl:warn] [pid 10748:tid 428] AH01909: www.example.com:443:0 server certificate does NOT include an ID which matches the server name
[Tue Oct 07 16:32:14.805466 2025] [mpm_winnt:notice] [pid 10748:tid 428] AH00354: Child: Starting 150 worker threads.
[Tue Oct 07 16:33:28.650981 2025] [php:error] [pid 10748:tid 1912] [client ::1:60615] PHP Fatal error:  Uncaught PDOException: SQLSTATE[42S02]: Base table or view not found: 1146 Table 'lancho_db.produtos' doesn't exist in C:\\xampp\\htdocs\\lancho-api\\models\\estoque.php:20\nStack trace:\n#0 C:\\xampp\\htdocs\\lancho-api\\models\\estoque.php(20): PDOStatement->execute()\n#1 C:\\xampp\\htdocs\\lancho-api\\api\\estoque\\read.php(10): Estoque->read()\n#2 {main}\n  thrown in C:\\xampp\\htdocs\\lancho-api\\models\\estoque.php on line 20, referer: http://localhost/lancho-api/interface/estoque.html
[Tue Oct 07 16:33:45.491336 2025] [php:error] [pid 10748:tid 1912] [client ::1:56940] PHP Fatal error:  Uncaught PDOException: SQLSTATE[42S02]: Base table or view not found: 1146 Table 'lancho_db.produtos' doesn't exist in C:\\xampp\\htdocs\\lancho-api\\models\\estoque.php:20\nStack trace:\n#0 C:\\xampp\\htdocs\\lancho-api\\models\\estoque.php(20): PDOStatement->execute()\n#1 C:\\xampp\\htdocs\\lancho-api\\api\\estoque\\read.php(10): Estoque->read()\n#2 {main}\n  thrown in C:\\xampp\\htdocs\\lancho-api\\models\\estoque.php on line 20, referer: http://localhost/lancho-api/interface/estoque.html
[Tue Oct 07 16:33:58.877483 2025] [php:error] [pid 10748:tid 1912] [client ::1:56940] PHP Fatal error:  Uncaught PDOException: SQLSTATE[42S02]: Base table or view not found: 1146 Table 'lancho_db.produtos' doesn't exist in C:\\xampp\\htdocs\\lancho-api\\models\\estoque.php:20\nStack trace:\n#0 C:\\xampp\\htdocs\\lancho-api\\models\\estoque.php(20): PDOStatement->execute()\n#1 C:\\xampp\\htdocs\\lancho-api\\api\\estoque\\read.php(10): Estoque->read()\n#2 {main}\n  thrown in C:\\xampp\\htdocs\\lancho-api\\models\\estoque.php on line 20, referer: http://localhost/lancho-api/interface/estoque.html
[Tue Oct 07 16:34:04.810196 2025] [php:error] [pid 10748:tid 1912] [client ::1:56940] PHP Fatal error:  Uncaught PDOException: SQLSTATE[42S02]: Base table or view not found: 1146 Table 'lancho_db.produtos' doesn't exist in C:\\xampp\\htdocs\\lancho-api\\models\\estoque.php:20\nStack trace:\n#0 C:\\xampp\\htdocs\\lancho-api\\models\\estoque.php(20): PDOStatement->execute()\n#1 C:\\xampp\\htdocs\\lancho-api\\api\\estoque\\read.php(10): Estoque->read()\n#2 {main}\n  thrown in C:\\xampp\\htdocs\\lancho-api\\models\\estoque.php on line 20, referer: http://localhost/lancho-api/interface/estoque.html
[Tue Oct 07 16:46:00.065225 2025] [php:error] [pid 10748:tid 1912] [client ::1:61366] PHP Fatal error:  Uncaught PDOException: SQLSTATE[42S02]: Base table or view not found: 1146 Table 'lancho_db.produtos' doesn't exist in C:\\xampp\\htdocs\\lancho-api\\models\\estoque.php:20\nStack trace:\n#0 C:\\xampp\\htdocs\\lancho-api\\models\\estoque.php(20): PDOStatement->execute()\n#1 C:\\xampp\\htdocs\\lancho-api\\api\\estoque\\read.php(10): Estoque->read()\n#2 {main}\n  thrown in C:\\xampp\\htdocs\\lancho-api\\models\\estoque.php on line 20, referer: http://localhost/lancho-api/estoque.html
[Tue Oct 07 16:49:48.058681 2025] [php:error] [pid 10748:tid 1912] [client ::1:62898] PHP Fatal error:  Uncaught PDOException: SQLSTATE[42S02]: Base table or view not found: 1146 Table 'lancho_db.produtos' doesn't exist in C:\\xampp\\htdocs\\lancho-api\\models\\produto.php:20\nStack trace:\n#0 C:\\xampp\\htdocs\\lancho-api\\models\\produto.php(20): PDOStatement->execute()\n#1 C:\\xampp\\htdocs\\lancho-api\\api\\produto\\read.php(10): Produto->read()\n#2 {main}\n  thrown in C:\\xampp\\htdocs\\lancho-api\\models\\produto.php on line 20, referer: http://localhost/lancho-api/produto.html
[Tue Oct 07 16:50:00.191869 2025] [php:error] [pid 10748:tid 1912] [client ::1:54002] PHP Fatal error:  Uncaught PDOException: SQLSTATE[42S02]: Base table or view not found: 1146 Table 'lancho_db.produtos' doesn't exist in C:\\xampp\\htdocs\\lancho-api\\models\\produto.php:40\nStack trace:\n#0 C:\\xampp\\htdocs\\lancho-api\\models\\produto.php(40): PDOStatement->execute()\n#1 C:\\xampp\\htdocs\\lancho-api\\api\\produto\\create.php(33): Produto->create()\n#2 {main}\n  thrown in C:\\xampp\\htdocs\\lancho-api\\models\\produto.php on line 40, referer: http://localhost/lancho-api/produto.html
[Tue Oct 07 16:50:01.965210 2025] [php:error] [pid 10748:tid 1912] [client ::1:54002] PHP Fatal error:  Uncaught PDOException: SQLSTATE[42S02]: Base table or view not found: 1146 Table 'lancho_db.produtos' doesn't exist in C:\\xampp\\htdocs\\lancho-api\\models\\produto.php:40\nStack trace:\n#0 C:\\xampp\\htdocs\\lancho-api\\models\\produto.php(40): PDOStatement->execute()\n#1 C:\\xampp\\htdocs\\lancho-api\\api\\produto\\create.php(33): Produto->create()\n#2 {main}\n  thrown in C:\\xampp\\htdocs\\lancho-api\\models\\produto.php on line 40, referer: http://localhost/lancho-api/produto.html
[Tue Oct 07 16:50:02.130491 2025] [php:error] [pid 10748:tid 1912] [client ::1:54002] PHP Fatal error:  Uncaught PDOException: SQLSTATE[42S02]: Base table or view not found: 1146 Table 'lancho_db.produtos' doesn't exist in C:\\xampp\\htdocs\\lancho-api\\models\\produto.php:40\nStack trace:\n#0 C:\\xampp\\htdocs\\lancho-api\\models\\produto.php(40): PDOStatement->execute()\n#1 C:\\xampp\\htdocs\\lancho-api\\api\\produto\\create.php(33): Produto->create()\n#2 {main}\n  thrown in C:\\xampp\\htdocs\\lancho-api\\models\\produto.php on line 40, referer: http://localhost/lancho-api/produto.html
[Tue Oct 07 16:50:02.279323 2025] [php:error] [pid 10748:tid 1912] [client ::1:54002] PHP Fatal error:  Uncaught PDOException: SQLSTATE[42S02]: Base table or view not found: 1146 Table 'lancho_db.produtos' doesn't exist in C:\\xampp\\htdocs\\lancho-api\\models\\produto.php:40\nStack trace:\n#0 C:\\xampp\\htdocs\\lancho-api\\models\\produto.php(40): PDOStatement->execute()\n#1 C:\\xampp\\htdocs\\lancho-api\\api\\produto\\create.php(33): Produto->create()\n#2 {main}\n  thrown in C:\\xampp\\htdocs\\lancho-api\\models\\produto.php on line 40, referer: http://localhost/lancho-api/produto.html
[Tue Oct 07 16:50:02.402357 2025] [php:error] [pid 10748:tid 1912] [client ::1:54002] PHP Fatal error:  Uncaught PDOException: SQLSTATE[42S02]: Base table or view not found: 1146 Table 'lancho_db.produtos' doesn't exist in C:\\xampp\\htdocs\\lancho-api\\models\\produto.php:40\nStack trace:\n#0 C:\\xampp\\htdocs\\lancho-api\\models\\produto.php(40): PDOStatement->execute()\n#1 C:\\xampp\\htdocs\\lancho-api\\api\\produto\\create.php(33): Produto->create()\n#2 {main}\n  thrown in C:\\xampp\\htdocs\\lancho-api\\models\\produto.php on line 40, referer: http://localhost/lancho-api/produto.html
[Tue Oct 07 16:50:08.845937 2025] [php:error] [pid 10748:tid 1912] [client ::1:62029] PHP Fatal error:  Uncaught PDOException: SQLSTATE[42S02]: Base table or view not found: 1146 Table 'lancho_db.produtos' doesn't exist in C:\\xampp\\htdocs\\lancho-api\\models\\produto.php:20\nStack trace:\n#0 C:\\xampp\\htdocs\\lancho-api\\models\\produto.php(20): PDOStatement->execute()\n#1 C:\\xampp\\htdocs\\lancho-api\\api\\produto\\read.php(10): Produto->read()\n#2 {main}\n  thrown in C:\\xampp\\htdocs\\lancho-api\\models\\produto.php on line 20, referer: http://localhost/lancho-api/produto.html
[Tue Oct 07 16:51:44.951366 2025] [php:error] [pid 10748:tid 1904] [client ::1:49972] PHP Fatal error:  Uncaught PDOException: SQLSTATE[42S02]: Base table or view not found: 1146 Table 'lancho_db.produtos' doesn't exist in C:\\xampp\\htdocs\\lancho-api\\models\\produto.php:20\nStack trace:\n#0 C:\\xampp\\htdocs\\lancho-api\\models\\produto.php(20): PDOStatement->execute()\n#1 C:\\xampp\\htdocs\\lancho-api\\api\\produto\\read.php(10): Produto->read()\n#2 {main}\n  thrown in C:\\xampp\\htdocs\\lancho-api\\models\\produto.php on line 20, referer: http://localhost/lancho-api/interface/produto.html
[Tue Oct 07 16:51:57.609220 2025] [php:error] [pid 10748:tid 1904] [client ::1:52449] PHP Fatal error:  Uncaught PDOException: SQLSTATE[42S02]: Base table or view not found: 1146 Table 'lancho_db.produtos' doesn't exist in C:\\xampp\\htdocs\\lancho-api\\models\\produto.php:40\nStack trace:\n#0 C:\\xampp\\htdocs\\lancho-api\\models\\produto.php(40): PDOStatement->execute()\n#1 C:\\xampp\\htdocs\\lancho-api\\api\\produto\\create.php(33): Produto->create()\n#2 {main}\n  thrown in C:\\xampp\\htdocs\\lancho-api\\models\\produto.php on line 40, referer: http://localhost/lancho-api/interface/produto.html
[Tue Oct 07 16:51:58.641232 2025] [php:error] [pid 10748:tid 1904] [client ::1:52449] PHP Fatal error:  Uncaught PDOException: SQLSTATE[42S02]: Base table or view not found: 1146 Table 'lancho_db.produtos' doesn't exist in C:\\xampp\\htdocs\\lancho-api\\models\\produto.php:40\nStack trace:\n#0 C:\\xampp\\htdocs\\lancho-api\\models\\produto.php(40): PDOStatement->execute()\n#1 C:\\xampp\\htdocs\\lancho-api\\api\\produto\\create.php(33): Produto->create()\n#2 {main}\n  thrown in C:\\xampp\\htdocs\\lancho-api\\models\\produto.php on line 40, referer: http://localhost/lancho-api/interface/produto.html
[Tue Oct 07 16:51:58.815946 2025] [php:error] [pid 10748:tid 1904] [client ::1:52449] PHP Fatal error:  Uncaught PDOException: SQLSTATE[42S02]: Base table or view not found: 1146 Table 'lancho_db.produtos' doesn't exist in C:\\xampp\\htdocs\\lancho-api\\models\\produto.php:40\nStack trace:\n#0 C:\\xampp\\htdocs\\lancho-api\\models\\produto.php(40): PDOStatement->execute()\n#1 C:\\xampp\\htdocs\\lancho-api\\api\\produto\\create.php(33): Produto->create()\n#2 {main}\n  thrown in C:\\xampp\\htdocs\\lancho-api\\models\\produto.php on line 40, referer: http://localhost/lancho-api/interface/produto.html
[Tue Oct 07 16:51:59.437130 2025] [php:error] [pid 10748:tid 1904] [client ::1:52449] PHP Fatal error:  Uncaught PDOException: SQLSTATE[42S02]: Base table or view not found: 1146 Table 'lancho_db.produtos' doesn't exist in C:\\xampp\\htdocs\\lancho-api\\models\\produto.php:40\nStack trace:\n#0 C:\\xampp\\htdocs\\lancho-api\\models\\produto.php(40): PDOStatement->execute()\n#1 C:\\xampp\\htdocs\\lancho-api\\api\\produto\\create.php(33): Produto->create()\n#2 {main}\n  thrown in C:\\xampp\\htdocs\\lancho-api\\models\\produto.php on line 40, referer: http://localhost/lancho-api/interface/produto.html
[Tue Oct 07 16:51:59.914807 2025] [php:error] [pid 10748:tid 1904] [client ::1:52449] PHP Fatal error:  Uncaught PDOException: SQLSTATE[42S02]: Base table or view not found: 1146 Table 'lancho_db.produtos' doesn't exist in C:\\xampp\\htdocs\\lancho-api\\models\\produto.php:40\nStack trace:\n#0 C:\\xampp\\htdocs\\lancho-api\\models\\produto.php(40): PDOStatement->execute()\n#1 C:\\xampp\\htdocs\\lancho-api\\api\\produto\\create.php(33): Produto->create()\n#2 {main}\n  thrown in C:\\xampp\\htdocs\\lancho-api\\models\\produto.php on line 40, referer: http://localhost/lancho-api/interface/produto.html
[Tue Oct 07 16:52:00.196095 2025] [php:error] [pid 10748:tid 1904] [client ::1:52449] PHP Fatal error:  Uncaught PDOException: SQLSTATE[42S02]: Base table or view not found: 1146 Table 'lancho_db.produtos' doesn't exist in C:\\xampp\\htdocs\\lancho-api\\models\\produto.php:40\nStack trace:\n#0 C:\\xampp\\htdocs\\lancho-api\\models\\produto.php(40): PDOStatement->execute()\n#1 C:\\xampp\\htdocs\\lancho-api\\api\\produto\\create.php(33): Produto->create()\n#2 {main}\n  thrown in C:\\xampp\\htdocs\\lancho-api\\models\\produto.php on line 40, referer: http://localhost/lancho-api/interface/produto.html
[Tue Oct 07 16:52:00.409053 2025] [php:error] [pid 10748:tid 1904] [client ::1:52449] PHP Fatal error:  Uncaught PDOException: SQLSTATE[42S02]: Base table or view not found: 1146 Table 'lancho_db.produtos' doesn't exist in C:\\xampp\\htdocs\\lancho-api\\models\\produto.php:40\nStack trace:\n#0 C:\\xampp\\htdocs\\lancho-api\\models\\produto.php(40): PDOStatement->execute()\n#1 C:\\xampp\\htdocs\\lancho-api\\api\\produto\\create.php(33): Produto->create()\n#2 {main}\n  thrown in C:\\xampp\\htdocs\\lancho-api\\models\\produto.php on line 40, referer: http://localhost/lancho-api/interface/produto.html
[Tue Oct 07 16:52:14.684036 2025] [php:error] [pid 10748:tid 1904] [client ::1:63640] PHP Fatal error:  Uncaught PDOException: SQLSTATE[42S02]: Base table or view not found: 1146 Table 'lancho_db.clientes' doesn't exist in C:\\xampp\\htdocs\\lancho-api\\models\\cliente.php:21\nStack trace:\n#0 C:\\xampp\\htdocs\\lancho-api\\models\\cliente.php(21): PDOStatement->execute()\n#1 C:\\xampp\\htdocs\\lancho-api\\api\\cliente\\read.php(11): Cliente->read()\n#2 {main}\n  thrown in C:\\xampp\\htdocs\\lancho-api\\models\\cliente.php on line 21, referer: http://localhost/lancho-api/interface/cliente.html
[Tue Oct 07 16:52:33.983200 2025] [php:error] [pid 10748:tid 1904] [client ::1:56662] PHP Fatal error:  Uncaught PDOException: SQLSTATE[42S02]: Base table or view not found: 1146 Table 'lancho_db.clientes' doesn't exist in C:\\xampp\\htdocs\\lancho-api\\models\\cliente.php:57\nStack trace:\n#0 C:\\xampp\\htdocs\\lancho-api\\models\\cliente.php(57): PDOStatement->execute()\n#1 C:\\xampp\\htdocs\\lancho-api\\api\\cliente\\create.php(21): Cliente->create()\n#2 {main}\n  thrown in C:\\xampp\\htdocs\\lancho-api\\models\\cliente.php on line 57, referer: http://localhost/lancho-api/interface/cliente.html
[Tue Oct 07 16:52:38.967112 2025] [php:error] [pid 10748:tid 1904] [client ::1:56662] PHP Fatal error:  Uncaught PDOException: SQLSTATE[42S02]: Base table or view not found: 1146 Table 'lancho_db.pedidos' doesn't exist in C:\\xampp\\htdocs\\lancho-api\\models\\pedido.php:20\nStack trace:\n#0 C:\\xampp\\htdocs\\lancho-api\\models\\pedido.php(20): PDOStatement->execute()\n#1 C:\\xampp\\htdocs\\lancho-api\\api\\pedido\\read.php(10): Pedido->read()\n#2 {main}\n  thrown in C:\\xampp\\htdocs\\lancho-api\\models\\pedido.php on line 20, referer: http://localhost/lancho-api/interface/pedido.html
[Tue Oct 07 16:52:46.692841 2025] [php:error] [pid 10748:tid 1904] [client ::1:56662] PHP Fatal error:  Uncaught PDOException: SQLSTATE[42S02]: Base table or view not found: 1146 Table 'lancho_db.produtos' doesn't exist in C:\\xampp\\htdocs\\lancho-api\\models\\estoque.php:20\nStack trace:\n#0 C:\\xampp\\htdocs\\lancho-api\\models\\estoque.php(20): PDOStatement->execute()\n#1 C:\\xampp\\htdocs\\lancho-api\\api\\estoque\\read.php(10): Estoque->read()\n#2 {main}\n  thrown in C:\\xampp\\htdocs\\lancho-api\\models\\estoque.php on line 20, referer: http://localhost/lancho-api/interface/estoque.html
[Tue Oct 07 16:52:54.996802 2025] [php:error] [pid 10748:tid 1912] [client ::1:63490] PHP Fatal error:  Uncaught PDOException: SQLSTATE[42S02]: Base table or view not found: 1146 Table 'lancho_db.produtos' doesn't exist in C:\\xampp\\htdocs\\lancho-api\\models\\produto.php:20\nStack trace:\n#0 C:\\xampp\\htdocs\\lancho-api\\models\\produto.php(20): PDOStatement->execute()\n#1 C:\\xampp\\htdocs\\lancho-api\\api\\produto\\read.php(10): Produto->read()\n#2 {main}\n  thrown in C:\\xampp\\htdocs\\lancho-api\\models\\produto.php on line 20, referer: http://localhost/lancho-api/interface/produto.html
[Tue Oct 07 16:53:27.091120 2025] [php:error] [pid 10748:tid 1912] [client ::1:59095] PHP Fatal error:  Uncaught PDOException: SQLSTATE[42S02]: Base table or view not found: 1146 Table 'lancho_db.produtos' doesn't exist in C:\\xampp\\htdocs\\lancho-api\\models\\produto.php:40\nStack trace:\n#0 C:\\xampp\\htdocs\\lancho-api\\models\\produto.php(40): PDOStatement->execute()\n#1 C:\\xampp\\htdocs\\lancho-api\\api\\produto\\create.php(33): Produto->create()\n#2 {main}\n  thrown in C:\\xampp\\htdocs\\lancho-api\\models\\produto.php on line 40, referer: http://localhost/lancho-api/interface/produto.html
[Tue Oct 07 16:53:27.981450 2025] [php:error] [pid 10748:tid 1912] [client ::1:59095] PHP Fatal error:  Uncaught PDOException: SQLSTATE[42S02]: Base table or view not found: 1146 Table 'lancho_db.produtos' doesn't exist in C:\\xampp\\htdocs\\lancho-api\\models\\produto.php:40\nStack trace:\n#0 C:\\xampp\\htdocs\\lancho-api\\models\\produto.php(40): PDOStatement->execute()\n#1 C:\\xampp\\htdocs\\lancho-api\\api\\produto\\create.php(33): Produto->create()\n#2 {main}\n  thrown in C:\\xampp\\htdocs\\lancho-api\\models\\produto.php on line 40, referer: http://localhost/lancho-api/interface/produto.html
[Tue Oct 07 16:53:32.943065 2025] [php:error] [pid 10748:tid 1912] [client ::1:59095] PHP Fatal error:  Uncaught PDOException: SQLSTATE[42S02]: Base table or view not found: 1146 Table 'lancho_db.produtos' doesn't exist in C:\\xampp\\htdocs\\lancho-api\\models\\produto.php:40\nStack trace:\n#0 C:\\xampp\\htdocs\\lancho-api\\models\\produto.php(40): PDOStatement->execute()\n#1 C:\\xampp\\htdocs\\lancho-api\\api\\produto\\create.php(33): Produto->create()\n#2 {main}\n  thrown in C:\\xampp\\htdocs\\lancho-api\\models\\produto.php on line 40, referer: http://localhost/lancho-api/interface/produto.html
[Tue Oct 07 16:58:15.726700 2025] [php:error] [pid 10748:tid 1912] [client ::1:53823] PHP Fatal error:  Uncaught PDOException: SQLSTATE[42S22]: Column not found: 1054 Unknown column 'data_pedido' in 'order clause' in C:\\xampp\\htdocs\\lancho-api\\models\\pedido.php:20\nStack trace:\n#0 C:\\xampp\\htdocs\\lancho-api\\models\\pedido.php(20): PDOStatement->execute()\n#1 C:\\xampp\\htdocs\\lancho-api\\api\\pedido\\read.php(10): Pedido->read()\n#2 {main}\n  thrown in C:\\xampp\\htdocs\\lancho-api\\models\\pedido.php on line 20, referer: http://localhost/lancho-api/interface/pedido.html
[Tue Oct 07 16:58:21.744825 2025] [php:error] [pid 10748:tid 1912] [client ::1:53823] PHP Fatal error:  Uncaught PDOException: SQLSTATE[42S02]: Base table or view not found: 1146 Table 'lancho_db.produtos' doesn't exist in C:\\xampp\\htdocs\\lancho-api\\models\\estoque.php:20\nStack trace:\n#0 C:\\xampp\\htdocs\\lancho-api\\models\\estoque.php(20): PDOStatement->execute()\n#1 C:\\xampp\\htdocs\\lancho-api\\api\\estoque\\read.php(10): Estoque->read()\n#2 {main}\n  thrown in C:\\xampp\\htdocs\\lancho-api\\models\\estoque.php on line 20, referer: http://localhost/lancho-api/interface/estoque.html
[Tue Oct 07 16:58:34.070167 2025] [php:error] [pid 10748:tid 1912] [client ::1:60427] PHP Fatal error:  Uncaught PDOException: SQLSTATE[42S22]: Column not found: 1054 Unknown column 'data_pedido' in 'order clause' in C:\\xampp\\htdocs\\lancho-api\\models\\pedido.php:20\nStack trace:\n#0 C:\\xampp\\htdocs\\lancho-api\\models\\pedido.php(20): PDOStatement->execute()\n#1 C:\\xampp\\htdocs\\lancho-api\\api\\pedido\\read.php(10): Pedido->read()\n#2 {main}\n  thrown in C:\\xampp\\htdocs\\lancho-api\\models\\pedido.php on line 20, referer: http://localhost/lancho-api/interface/pedido.html
[Tue Oct 07 16:58:54.744086 2025] [php:error] [pid 10748:tid 1912] [client ::1:56472] PHP Fatal error:  Uncaught PDOException: SQLSTATE[42S02]: Base table or view not found: 1146 Table 'lancho_db.produtos' doesn't exist in C:\\xampp\\htdocs\\lancho-api\\models\\estoque.php:20\nStack trace:\n#0 C:\\xampp\\htdocs\\lancho-api\\models\\estoque.php(20): PDOStatement->execute()\n#1 C:\\xampp\\htdocs\\lancho-api\\api\\estoque\\read.php(10): Estoque->read()\n#2 {main}\n  thrown in C:\\xampp\\htdocs\\lancho-api\\models\\estoque.php on line 20, referer: http://localhost/lancho-api/interface/estoque.html
[Tue Oct 07 16:59:11.908679 2025] [php:error] [pid 10748:tid 1912] [client ::1:56472] PHP Fatal error:  Uncaught PDOException: SQLSTATE[42S02]: Base table or view not found: 1146 Table 'lancho_db.produtos' doesn't exist in C:\\xampp\\htdocs\\lancho-api\\models\\estoque.php:20\nStack trace:\n#0 C:\\xampp\\htdocs\\lancho-api\\models\\estoque.php(20): PDOStatement->execute()\n#1 C:\\xampp\\htdocs\\lancho-api\\api\\estoque\\read.php(10): Estoque->read()\n#2 {main}\n  thrown in C:\\xampp\\htdocs\\lancho-api\\models\\estoque.php on line 20, referer: http://localhost/lancho-api/interface/estoque.html
[Tue Oct 07 16:59:17.144466 2025] [php:error] [pid 10748:tid 1912] [client ::1:56428] PHP Fatal error:  Uncaught PDOException: SQLSTATE[42S02]: Base table or view not found: 1146 Table 'lancho_db.produtos' doesn't exist in C:\\xampp\\htdocs\\lancho-api\\models\\estoque.php:20\nStack trace:\n#0 C:\\xampp\\htdocs\\lancho-api\\models\\estoque.php(20): PDOStatement->execute()\n#1 C:\\xampp\\htdocs\\lancho-api\\api\\estoque\\read.php(10): Estoque->read()\n#2 {main}\n  thrown in C:\\xampp\\htdocs\\lancho-api\\models\\estoque.php on line 20, referer: http://localhost/lancho-api/interface/estoque.html
[Tue Oct 07 16:59:25.372434 2025] [php:error] [pid 10748:tid 1912] [client ::1:55571] PHP Fatal error:  Uncaught PDOException: SQLSTATE[42S22]: Column not found: 1054 Unknown column 'data_pedido' in 'order clause' in C:\\xampp\\htdocs\\lancho-api\\models\\pedido.php:20\nStack trace:\n#0 C:\\xampp\\htdocs\\lancho-api\\models\\pedido.php(20): PDOStatement->execute()\n#1 C:\\xampp\\htdocs\\lancho-api\\api\\pedido\\read.php(10): Pedido->read()\n#2 {main}\n  thrown in C:\\xampp\\htdocs\\lancho-api\\models\\pedido.php on line 20, referer: http://localhost/lancho-api/interface/pedido.html
[Tue Oct 07 17:00:02.286959 2025] [php:error] [pid 10748:tid 1904] [client ::1:56378] PHP Fatal error:  Uncaught PDOException: SQLSTATE[42S02]: Base table or view not found: 1146 Table 'lancho_db.produtos' doesn't exist in C:\\xampp\\htdocs\\lancho-api\\models\\estoque.php:20\nStack trace:\n#0 C:\\xampp\\htdocs\\lancho-api\\models\\estoque.php(20): PDOStatement->execute()\n#1 C:\\xampp\\htdocs\\lancho-api\\api\\estoque\\read.php(10): Estoque->read()\n#2 {main}\n  thrown in C:\\xampp\\htdocs\\lancho-api\\models\\estoque.php on line 20, referer: http://localhost/lancho-api/interface/estoque.html
[Tue Oct 07 17:03:38.406276 2025] [php:error] [pid 10748:tid 1904] [client ::1:54560] PHP Fatal error:  Uncaught PDOException: SQLSTATE[42S02]: Base table or view not found: 1146 Table 'lancho_db.produtos' doesn't exist in C:\\xampp\\htdocs\\lancho-api\\models\\estoque.php:20\nStack trace:\n#0 C:\\xampp\\htdocs\\lancho-api\\models\\estoque.php(20): PDOStatement->execute()\n#1 C:\\xampp\\htdocs\\lancho-api\\api\\estoque\\read.php(10): Estoque->read()\n#2 {main}\n  thrown in C:\\xampp\\htdocs\\lancho-api\\models\\estoque.php on line 20, referer: http://localhost/lancho-api/interface/estoque.html
[Tue Oct 07 17:03:41.701427 2025] [php:error] [pid 10748:tid 1904] [client ::1:54560] PHP Fatal error:  Uncaught PDOException: SQLSTATE[42S02]: Base table or view not found: 1146 Table 'lancho_db.produtos' doesn't exist in C:\\xampp\\htdocs\\lancho-api\\models\\estoque.php:20\nStack trace:\n#0 C:\\xampp\\htdocs\\lancho-api\\models\\estoque.php(20): PDOStatement->execute()\n#1 C:\\xampp\\htdocs\\lancho-api\\api\\estoque\\read.php(10): Estoque->read()\n#2 {main}\n  thrown in C:\\xampp\\htdocs\\lancho-api\\models\\estoque.php on line 20, referer: http://localhost/lancho-api/interface/estoque.html
[Tue Oct 07 17:03:42.068310 2025] [php:error] [pid 10748:tid 1904] [client ::1:54560] PHP Fatal error:  Uncaught PDOException: SQLSTATE[42S02]: Base table or view not found: 1146 Table 'lancho_db.produtos' doesn't exist in C:\\xampp\\htdocs\\lancho-api\\models\\estoque.php:20\nStack trace:\n#0 C:\\xampp\\htdocs\\lancho-api\\models\\estoque.php(20): PDOStatement->execute()\n#1 C:\\xampp\\htdocs\\lancho-api\\api\\estoque\\read.php(10): Estoque->read()\n#2 {main}\n  thrown in C:\\xampp\\htdocs\\lancho-api\\models\\estoque.php on line 20, referer: http://localhost/lancho-api/interface/estoque.html
[Tue Oct 07 17:03:42.640342 2025] [php:error] [pid 10748:tid 1904] [client ::1:54560] PHP Fatal error:  Uncaught PDOException: SQLSTATE[42S02]: Base table or view not found: 1146 Table 'lancho_db.produtos' doesn't exist in C:\\xampp\\htdocs\\lancho-api\\models\\estoque.php:20\nStack trace:\n#0 C:\\xampp\\htdocs\\lancho-api\\models\\estoque.php(20): PDOStatement->execute()\n#1 C:\\xampp\\htdocs\\lancho-api\\api\\estoque\\read.php(10): Estoque->read()\n#2 {main}\n  thrown in C:\\xampp\\htdocs\\lancho-api\\models\\estoque.php on line 20, referer: http://localhost/lancho-api/interface/estoque.html
[Tue Oct 07 17:03:42.894619 2025] [php:error] [pid 10748:tid 1904] [client ::1:54560] PHP Fatal error:  Uncaught PDOException: SQLSTATE[42S02]: Base table or view not found: 1146 Table 'lancho_db.produtos' doesn't exist in C:\\xampp\\htdocs\\lancho-api\\models\\estoque.php:20\nStack trace:\n#0 C:\\xampp\\htdocs\\lancho-api\\models\\estoque.php(20): PDOStatement->execute()\n#1 C:\\xampp\\htdocs\\lancho-api\\api\\estoque\\read.php(10): Estoque->read()\n#2 {main}\n  thrown in C:\\xampp\\htdocs\\lancho-api\\models\\estoque.php on line 20, referer: http://localhost/lancho-api/interface/estoque.html
[Tue Oct 07 17:03:43.109790 2025] [php:error] [pid 10748:tid 1904] [client ::1:54560] PHP Fatal error:  Uncaught PDOException: SQLSTATE[42S02]: Base table or view not found: 1146 Table 'lancho_db.produtos' doesn't exist in C:\\xampp\\htdocs\\lancho-api\\models\\estoque.php:20\nStack trace:\n#0 C:\\xampp\\htdocs\\lancho-api\\models\\estoque.php(20): PDOStatement->execute()\n#1 C:\\xampp\\htdocs\\lancho-api\\api\\estoque\\read.php(10): Estoque->read()\n#2 {main}\n  thrown in C:\\xampp\\htdocs\\lancho-api\\models\\estoque.php on line 20, referer: http://localhost/lancho-api/interface/estoque.html
[Tue Oct 07 17:03:43.323871 2025] [php:error] [pid 10748:tid 1904] [client ::1:54560] PHP Fatal error:  Uncaught PDOException: SQLSTATE[42S02]: Base table or view not found: 1146 Table 'lancho_db.produtos' doesn't exist in C:\\xampp\\htdocs\\lancho-api\\models\\estoque.php:20\nStack trace:\n#0 C:\\xampp\\htdocs\\lancho-api\\models\\estoque.php(20): PDOStatement->execute()\n#1 C:\\xampp\\htdocs\\lancho-api\\api\\estoque\\read.php(10): Estoque->read()\n#2 {main}\n  thrown in C:\\xampp\\htdocs\\lancho-api\\models\\estoque.php on line 20, referer: http://localhost/lancho-api/interface/estoque.html
[Tue Oct 07 17:03:43.534220 2025] [php:error] [pid 10748:tid 1904] [client ::1:54560] PHP Fatal error:  Uncaught PDOException: SQLSTATE[42S02]: Base table or view not found: 1146 Table 'lancho_db.produtos' doesn't exist in C:\\xampp\\htdocs\\lancho-api\\models\\estoque.php:20\nStack trace:\n#0 C:\\xampp\\htdocs\\lancho-api\\models\\estoque.php(20): PDOStatement->execute()\n#1 C:\\xampp\\htdocs\\lancho-api\\api\\estoque\\read.php(10): Estoque->read()\n#2 {main}\n  thrown in C:\\xampp\\htdocs\\lancho-api\\models\\estoque.php on line 20, referer: http://localhost/lancho-api/interface/estoque.html
[Tue Oct 07 17:03:43.739493 2025] [php:error] [pid 10748:tid 1904] [client ::1:54560] PHP Fatal error:  Uncaught PDOException: SQLSTATE[42S02]: Base table or view not found: 1146 Table 'lancho_db.produtos' doesn't exist in C:\\xampp\\htdocs\\lancho-api\\models\\estoque.php:20\nStack trace:\n#0 C:\\xampp\\htdocs\\lancho-api\\models\\estoque.php(20): PDOStatement->execute()\n#1 C:\\xampp\\htdocs\\lancho-api\\api\\estoque\\read.php(10): Estoque->read()\n#2 {main}\n  thrown in C:\\xampp\\htdocs\\lancho-api\\models\\estoque.php on line 20, referer: http://localhost/lancho-api/interface/estoque.html
[Tue Oct 07 17:03:43.949453 2025] [php:error] [pid 10748:tid 1904] [client ::1:54560] PHP Fatal error:  Uncaught PDOException: SQLSTATE[42S02]: Base table or view not found: 1146 Table 'lancho_db.produtos' doesn't exist in C:\\xampp\\htdocs\\lancho-api\\models\\estoque.php:20\nStack trace:\n#0 C:\\xampp\\htdocs\\lancho-api\\models\\estoque.php(20): PDOStatement->execute()\n#1 C:\\xampp\\htdocs\\lancho-api\\api\\estoque\\read.php(10): Estoque->read()\n#2 {main}\n  thrown in C:\\xampp\\htdocs\\lancho-api\\models\\estoque.php on line 20, referer: http://localhost/lancho-api/interface/estoque.html
[Tue Oct 07 17:03:44.141539 2025] [php:error] [pid 10748:tid 1904] [client ::1:54560] PHP Fatal error:  Uncaught PDOException: SQLSTATE[42S02]: Base table or view not found: 1146 Table 'lancho_db.produtos' doesn't exist in C:\\xampp\\htdocs\\lancho-api\\models\\estoque.php:20\nStack trace:\n#0 C:\\xampp\\htdocs\\lancho-api\\models\\estoque.php(20): PDOStatement->execute()\n#1 C:\\xampp\\htdocs\\lancho-api\\api\\estoque\\read.php(10): Estoque->read()\n#2 {main}\n  thrown in C:\\xampp\\htdocs\\lancho-api\\models\\estoque.php on line 20, referer: http://localhost/lancho-api/interface/estoque.html
[Tue Oct 07 17:03:44.352268 2025] [php:error] [pid 10748:tid 1904] [client ::1:54560] PHP Fatal error:  Uncaught PDOException: SQLSTATE[42S02]: Base table or view not found: 1146 Table 'lancho_db.produtos' doesn't exist in C:\\xampp\\htdocs\\lancho-api\\models\\estoque.php:20\nStack trace:\n#0 C:\\xampp\\htdocs\\lancho-api\\models\\estoque.php(20): PDOStatement->execute()\n#1 C:\\xampp\\htdocs\\lancho-api\\api\\estoque\\read.php(10): Estoque->read()\n#2 {main}\n  thrown in C:\\xampp\\htdocs\\lancho-api\\models\\estoque.php on line 20, referer: http://localhost/lancho-api/interface/estoque.html
[Tue Oct 07 17:03:44.577120 2025] [php:error] [pid 10748:tid 1904] [client ::1:54560] PHP Fatal error:  Uncaught PDOException: SQLSTATE[42S02]: Base table or view not found: 1146 Table 'lancho_db.produtos' doesn't exist in C:\\xampp\\htdocs\\lancho-api\\models\\estoque.php:20\nStack trace:\n#0 C:\\xampp\\htdocs\\lancho-api\\models\\estoque.php(20): PDOStatement->execute()\n#1 C:\\xampp\\htdocs\\lancho-api\\api\\estoque\\read.php(10): Estoque->read()\n#2 {main}\n  thrown in C:\\xampp\\htdocs\\lancho-api\\models\\estoque.php on line 20, referer: http://localhost/lancho-api/interface/estoque.html
[Tue Oct 07 17:03:44.786219 2025] [php:error] [pid 10748:tid 1904] [client ::1:54560] PHP Fatal error:  Uncaught PDOException: SQLSTATE[42S02]: Base table or view not found: 1146 Table 'lancho_db.produtos' doesn't exist in C:\\xampp\\htdocs\\lancho-api\\models\\estoque.php:20\nStack trace:\n#0 C:\\xampp\\htdocs\\lancho-api\\models\\estoque.php(20): PDOStatement->execute()\n#1 C:\\xampp\\htdocs\\lancho-api\\api\\estoque\\read.php(10): Estoque->read()\n#2 {main}\n  thrown in C:\\xampp\\htdocs\\lancho-api\\models\\estoque.php on line 20, referer: http://localhost/lancho-api/interface/estoque.html
[Tue Oct 07 17:03:45.013673 2025] [php:error] [pid 10748:tid 1904] [client ::1:54560] PHP Fatal error:  Uncaught PDOException: SQLSTATE[42S02]: Base table or view not found: 1146 Table 'lancho_db.produtos' doesn't exist in C:\\xampp\\htdocs\\lancho-api\\models\\estoque.php:20\nStack trace:\n#0 C:\\xampp\\htdocs\\lancho-api\\models\\estoque.php(20): PDOStatement->execute()\n#1 C:\\xampp\\htdocs\\lancho-api\\api\\estoque\\read.php(10): Estoque->read()\n#2 {main}\n  thrown in C:\\xampp\\htdocs\\lancho-api\\models\\estoque.php on line 20, referer: http://localhost/lancho-api/interface/estoque.html
[Tue Oct 07 17:03:45.161306 2025] [php:error] [pid 10748:tid 1904] [client ::1:54560] PHP Fatal error:  Uncaught PDOException: SQLSTATE[42S02]: Base table or view not found: 1146 Table 'lancho_db.produtos' doesn't exist in C:\\xampp\\htdocs\\lancho-api\\models\\estoque.php:20\nStack trace:\n#0 C:\\xampp\\htdocs\\lancho-api\\models\\estoque.php(20): PDOStatement->execute()\n#1 C:\\xampp\\htdocs\\lancho-api\\api\\estoque\\read.php(10): Estoque->read()\n#2 {main}\n  thrown in C:\\xampp\\htdocs\\lancho-api\\models\\estoque.php on line 20, referer: http://localhost/lancho-api/interface/estoque.html
[Tue Oct 07 17:03:45.357058 2025] [php:error] [pid 10748:tid 1904] [client ::1:54560] PHP Fatal error:  Uncaught PDOException: SQLSTATE[42S02]: Base table or view not found: 1146 Table 'lancho_db.produtos' doesn't exist in C:\\xampp\\htdocs\\lancho-api\\models\\estoque.php:20\nStack trace:\n#0 C:\\xampp\\htdocs\\lancho-api\\models\\estoque.php(20): PDOStatement->execute()\n#1 C:\\xampp\\htdocs\\lancho-api\\api\\estoque\\read.php(10): Estoque->read()\n#2 {main}\n  thrown in C:\\xampp\\htdocs\\lancho-api\\models\\estoque.php on line 20, referer: http://localhost/lancho-api/interface/estoque.html
[Tue Oct 07 17:03:45.502434 2025] [php:error] [pid 10748:tid 1904] [client ::1:54560] PHP Fatal error:  Uncaught PDOException: SQLSTATE[42S02]: Base table or view not found: 1146 Table 'lancho_db.produtos' doesn't exist in C:\\xampp\\htdocs\\lancho-api\\models\\estoque.php:20\nStack trace:\n#0 C:\\xampp\\htdocs\\lancho-api\\models\\estoque.php(20): PDOStatement->execute()\n#1 C:\\xampp\\htdocs\\lancho-api\\api\\estoque\\read.php(10): Estoque->read()\n#2 {main}\n  thrown in C:\\xampp\\htdocs\\lancho-api\\models\\estoque.php on line 20, referer: http://localhost/lancho-api/interface/estoque.html
[Tue Oct 07 17:03:45.702513 2025] [php:error] [pid 10748:tid 1904] [client ::1:54560] PHP Fatal error:  Uncaught PDOException: SQLSTATE[42S02]: Base table or view not found: 1146 Table 'lancho_db.produtos' doesn't exist in C:\\xampp\\htdocs\\lancho-api\\models\\estoque.php:20\nStack trace:\n#0 C:\\xampp\\htdocs\\lancho-api\\models\\estoque.php(20): PDOStatement->execute()\n#1 C:\\xampp\\htdocs\\lancho-api\\api\\estoque\\read.php(10): Estoque->read()\n#2 {main}\n  thrown in C:\\xampp\\htdocs\\lancho-api\\models\\estoque.php on line 20, referer: http://localhost/lancho-api/interface/estoque.html
[Tue Oct 07 17:03:45.855682 2025] [php:error] [pid 10748:tid 1904] [client ::1:54560] PHP Fatal error:  Uncaught PDOException: SQLSTATE[42S02]: Base table or view not found: 1146 Table 'lancho_db.produtos' doesn't exist in C:\\xampp\\htdocs\\lancho-api\\models\\estoque.php:20\nStack trace:\n#0 C:\\xampp\\htdocs\\lancho-api\\models\\estoque.php(20): PDOStatement->execute()\n#1 C:\\xampp\\htdocs\\lancho-api\\api\\estoque\\read.php(10): Estoque->read()\n#2 {main}\n  thrown in C:\\xampp\\htdocs\\lancho-api\\models\\estoque.php on line 20, referer: http://localhost/lancho-api/interface/estoque.html
[Tue Oct 07 17:03:45.991710 2025] [php:error] [pid 10748:tid 1904] [client ::1:54560] PHP Fatal error:  Uncaught PDOException: SQLSTATE[42S02]: Base table or view not found: 1146 Table 'lancho_db.produtos' doesn't exist in C:\\xampp\\htdocs\\lancho-api\\models\\estoque.php:20\nStack trace:\n#0 C:\\xampp\\htdocs\\lancho-api\\models\\estoque.php(20): PDOStatement->execute()\n#1 C:\\xampp\\htdocs\\lancho-api\\api\\estoque\\read.php(10): Estoque->read()\n#2 {main}\n  thrown in C:\\xampp\\htdocs\\lancho-api\\models\\estoque.php on line 20, referer: http://localhost/lancho-api/interface/estoque.html
[Tue Oct 07 17:03:59.744564 2025] [php:error] [pid 10748:tid 1904] [client ::1:54560] PHP Fatal error:  Uncaught PDOException: SQLSTATE[42S22]: Column not found: 1054 Unknown column 'data_pedido' in 'order clause' in C:\\xampp\\htdocs\\lancho-api\\models\\pedido.php:20\nStack trace:\n#0 C:\\xampp\\htdocs\\lancho-api\\models\\pedido.php(20): PDOStatement->execute()\n#1 C:\\xampp\\htdocs\\lancho-api\\api\\pedido\\read.php(10): Pedido->read()\n#2 {main}\n  thrown in C:\\xampp\\htdocs\\lancho-api\\models\\pedido.php on line 20, referer: http://localhost/lancho-api/interface/pedido.html
[Tue Oct 07 17:04:04.358164 2025] [php:error] [pid 10748:tid 1904] [client ::1:54560] PHP Fatal error:  Uncaught PDOException: SQLSTATE[42S02]: Base table or view not found: 1146 Table 'lancho_db.produtos' doesn't exist in C:\\xampp\\htdocs\\lancho-api\\models\\estoque.php:20\nStack trace:\n#0 C:\\xampp\\htdocs\\lancho-api\\models\\estoque.php(20): PDOStatement->execute()\n#1 C:\\xampp\\htdocs\\lancho-api\\api\\estoque\\read.php(10): Estoque->read()\n#2 {main}\n  thrown in C:\\xampp\\htdocs\\lancho-api\\models\\estoque.php on line 20, referer: http://localhost/lancho-api/interface/estoque.html
[Tue Oct 07 17:04:06.879569 2025] [php:error] [pid 10748:tid 1904] [client ::1:54560] PHP Fatal error:  Uncaught PDOException: SQLSTATE[42S02]: Base table or view not found: 1146 Table 'lancho_db.produtos' doesn't exist in C:\\xampp\\htdocs\\lancho-api\\models\\estoque.php:20\nStack trace:\n#0 C:\\xampp\\htdocs\\lancho-api\\models\\estoque.php(20): PDOStatement->execute()\n#1 C:\\xampp\\htdocs\\lancho-api\\api\\estoque\\read.php(10): Estoque->read()\n#2 {main}\n  thrown in C:\\xampp\\htdocs\\lancho-api\\models\\estoque.php on line 20, referer: http://localhost/lancho-api/interface/estoque.html
[Tue Oct 07 17:10:06.189560 2025] [php:error] [pid 10748:tid 1904] [client ::1:62978] PHP Fatal error:  Uncaught PDOException: SQLSTATE[23000]: Integrity constraint violation: 1062 Duplicate entry '3' for key 'stripe_price_id_unique' in C:\\xampp\\htdocs\\lancho-api\\models\\produto.php:40\nStack trace:\n#0 C:\\xampp\\htdocs\\lancho-api\\models\\produto.php(40): PDOStatement->execute()\n#1 C:\\xampp\\htdocs\\lancho-api\\api\\produto\\create.php(38): Produto->create()\n#2 {main}\n  thrown in C:\\xampp\\htdocs\\lancho-api\\models\\produto.php on line 40, referer: http://localhost/lancho-api/interface/produto.html
[Tue Oct 07 17:16:23.473292 2025] [php:error] [pid 10748:tid 1904] [client ::1:59876] PHP Fatal error:  Uncaught PDOException: SQLSTATE[42S02]: Base table or view not found: 1146 Table 'lancho_db.produtos' doesn't exist in C:\\xampp\\htdocs\\lancho-api\\models\\estoque.php:20\nStack trace:\n#0 C:\\xampp\\htdocs\\lancho-api\\models\\estoque.php(20): PDOStatement->execute()\n#1 C:\\xampp\\htdocs\\lancho-api\\api\\estoque\\read.php(10): Estoque->read()\n#2 {main}\n  thrown in C:\\xampp\\htdocs\\lancho-api\\models\\estoque.php on line 20, referer: http://localhost/lancho-api/interface/estoque.html
